c:\users\tomás lópez\desktop\universidad\segundo\tpv\tpv\práctica_3\proyectossdl\proyectossdl\holasdl\debug\vc142.pdb
c:\users\tomás lópez\desktop\universidad\segundo\tpv\tpv\práctica_3\proyectossdl\proyectossdl\holasdl\debug\vc142.idb
c:\users\tomás lópez\desktop\universidad\segundo\tpv\tpv\práctica_3\proyectossdl\proyectossdl\holasdl\debug\texture.obj
c:\users\tomás lópez\desktop\universidad\segundo\tpv\tpv\práctica_3\proyectossdl\proyectossdl\holasdl\debug\sdlgameobject.obj
c:\users\tomás lópez\desktop\universidad\segundo\tpv\tpv\práctica_3\proyectossdl\proyectossdl\holasdl\debug\scoreboard.obj
c:\users\tomás lópez\desktop\universidad\segundo\tpv\tpv\práctica_3\proyectossdl\proyectossdl\holasdl\debug\reward.obj
c:\users\tomás lópez\desktop\universidad\segundo\tpv\tpv\práctica_3\proyectossdl\proyectossdl\holasdl\debug\playstate.obj
c:\users\tomás lópez\desktop\universidad\segundo\tpv\tpv\práctica_3\proyectossdl\proyectossdl\holasdl\debug\pausestate.obj
c:\users\tomás lópez\desktop\universidad\segundo\tpv\tpv\práctica_3\proyectossdl\proyectossdl\holasdl\debug\menubutton.obj
c:\users\tomás lópez\desktop\universidad\segundo\tpv\tpv\práctica_3\proyectossdl\proyectossdl\holasdl\debug\mainmenustate.obj
c:\users\tomás lópez\desktop\universidad\segundo\tpv\tpv\práctica_3\proyectossdl\proyectossdl\holasdl\debug\main.obj
c:\users\tomás lópez\desktop\universidad\segundo\tpv\tpv\práctica_3\proyectossdl\proyectossdl\holasdl\debug\gamestatemachine.obj
c:\users\tomás lópez\desktop\universidad\segundo\tpv\tpv\práctica_3\proyectossdl\proyectossdl\holasdl\debug\gamestate.obj
c:\users\tomás lópez\desktop\universidad\segundo\tpv\tpv\práctica_3\proyectossdl\proyectossdl\holasdl\debug\gameobject.obj
c:\users\tomás lópez\desktop\universidad\segundo\tpv\tpv\práctica_3\proyectossdl\proyectossdl\holasdl\debug\game.obj
c:\users\tomás lópez\desktop\universidad\segundo\tpv\tpv\práctica_3\proyectossdl\proyectossdl\holasdl\debug\eventhandler.obj
c:\users\tomás lópez\desktop\universidad\segundo\tpv\tpv\práctica_3\proyectossdl\proyectossdl\holasdl\debug\endstate.obj
c:\users\tomás lópez\desktop\universidad\segundo\tpv\tpv\práctica_3\proyectossdl\proyectossdl\holasdl\debug\butterfly.obj
c:\users\tomás lópez\desktop\universidad\segundo\tpv\tpv\práctica_3\proyectossdl\proyectossdl\holasdl\debug\bow.obj
c:\users\tomás lópez\desktop\universidad\segundo\tpv\tpv\práctica_3\proyectossdl\proyectossdl\holasdl\debug\balloon.obj
c:\users\tomás lópez\desktop\universidad\segundo\tpv\tpv\práctica_3\proyectossdl\proyectossdl\holasdl\debug\arrowsgameobject.obj
c:\users\tomás lópez\desktop\universidad\segundo\tpv\tpv\práctica_3\proyectossdl\proyectossdl\holasdl\debug\arrow.obj
c:\users\tomás lópez\desktop\universidad\segundo\tpv\tpv\práctica_3\proyectossdl\proyectossdl\holasdl\debug\vector2d.obj
c:\users\tomás lópez\desktop\universidad\segundo\tpv\tpv\práctica_3\proyectossdl\proyectossdl\bin\holasdldebug.exe
c:\users\tomás lópez\desktop\universidad\segundo\tpv\tpv\práctica_3\proyectossdl\proyectossdl\bin\holasdldebug.ilk
c:\users\tomás lópez\desktop\universidad\segundo\tpv\tpv\práctica_3\proyectossdl\proyectossdl\bin\holasdldebug.pdb
c:\users\tomás lópez\desktop\universidad\segundo\tpv\tpv\práctica_3\proyectossdl\proyectossdl\holasdl\debug\holasdl.tlog\cl.command.1.tlog
c:\users\tomás lópez\desktop\universidad\segundo\tpv\tpv\práctica_3\proyectossdl\proyectossdl\holasdl\debug\holasdl.tlog\cl.read.1.tlog
c:\users\tomás lópez\desktop\universidad\segundo\tpv\tpv\práctica_3\proyectossdl\proyectossdl\holasdl\debug\holasdl.tlog\cl.write.1.tlog
c:\users\tomás lópez\desktop\universidad\segundo\tpv\tpv\práctica_3\proyectossdl\proyectossdl\holasdl\debug\holasdl.tlog\link.command.1.tlog
c:\users\tomás lópez\desktop\universidad\segundo\tpv\tpv\práctica_3\proyectossdl\proyectossdl\holasdl\debug\holasdl.tlog\link.read.1.tlog
c:\users\tomás lópez\desktop\universidad\segundo\tpv\tpv\práctica_3\proyectossdl\proyectossdl\holasdl\debug\holasdl.tlog\link.write.1.tlog
