  AsteroidPool.cpp
  Asteroids.cpp
  AsteroidsMotion.cpp
  AsteroidsViewer.cpp
C:\Users\Tomás López\Desktop\Universidad\Segundo\TPV\TPV\Práctica_1_TPV_II\SDLProject\TPV2\AsteroidsMotion.cpp(19,20): warning C4018: '<': no coinciden signed/unsigned
  AudioManager.cpp
  BallMoveBehaviour.cpp
  BulletsMotion.cpp
C:\Users\Tomás López\Desktop\Universidad\Segundo\TPV\TPV\Práctica_1_TPV_II\SDLProject\TPV2\AsteroidsViewer.cpp(15,19): warning C4018: '<': no coinciden signed/unsigned
  BulletsPool.cpp
C:\Users\Tomás López\Desktop\Universidad\Segundo\TPV\TPV\Práctica_1_TPV_II\SDLProject\TPV2\BulletsMotion.cpp(17,20): warning C4018: '<': no coinciden signed/unsigned
C:\Users\Tomás López\Desktop\Universidad\Segundo\TPV\TPV\Práctica_1_TPV_II\SDLProject\TPV2\BulletsPool.cpp(19,17): warning C4244: '=': conversión de 'double' a 'int'; posible pérdida de datos
  BulletsViewer.cpp
C:\Users\Tomás López\Desktop\Universidad\Segundo\TPV\TPV\Práctica_1_TPV_II\SDLProject\TPV2\BulletsPool.cpp(20,18): warning C4244: '=': conversión de 'double' a 'int'; posible pérdida de datos
  Collisions.cpp
  Component.cpp
  Entity.cpp
  FighterCtrl.cpp
  FighterMotion.cpp
  FighterViewer.cpp
  Font.cpp
  FontsManager.cpp
  GameCtrl.cpp
  GameLogic.cpp
C:\Users\Tomás López\Desktop\Universidad\Segundo\TPV\TPV\Práctica_1_TPV_II\SDLProject\TPV2\BulletsViewer.cpp(15,20): warning C4018: '<': no coinciden signed/unsigned
  Gun.cpp
  Generando código...
  Compilando...
  Health.cpp
  InputHandler.cpp
  jute.cpp
  main.cpp
  Manager.cpp
  ObjectPool.cpp
  PaddleKBCtrl.cpp
  PaddleMouseCtrl.cpp
  PaddleMoveBehaviour.cpp
  RandomNumberGenerator.cpp
  Rectangle.cpp
  Resources.cpp
  ScoreManager.cpp
  ScoreViewer.cpp
  SDLAudioManager.cpp
  SDLFontsManager.cpp
  SDLGame.cpp
  SDLTexturesManager.cpp
  sdl_macros.cpp
  SimpleMoveBahviour.cpp
  Generando código...
  Compilando...
  SRandBasedGenerator.cpp
C:\Users\Tomás López\Desktop\Universidad\Segundo\TPV\TPV\Práctica_1_TPV_II\SDLProject\TPV2\GameLogic.cpp(59,18): warning C4018: '<': no coinciden signed/unsigned
  Texture.cpp
  TexturesManager.cpp
  Transform.cpp
  Vector2D.cpp
  Generando código...
C:\Users\Tomás López\Desktop\Universidad\Segundo\TPV\TPV\Práctica_1_TPV_II\SDLProject\TPV2\SRandBasedGenerator.cpp(11,8): warning C4244: 'inicializando': conversión de 'time_t' a 'unsigned int'; posible pérdida de datos
C:\Users\Tomás López\Desktop\Universidad\Segundo\TPV\TPV\Práctica_1_TPV_II\SDLProject\TPV2\Transform.cpp : fatal error C1090: No se pudo ejecutar la llamada API de PDB. Código de error "3": C:\Users\Tomás López\Desktop\Universidad\Segundo\TPV\TPV\Práctica_1_TPV_II\SDLProject\TPV2\Debug\vc142.pdb
