c:\users\tomás lópez\desktop\universidad\segundo\tpv\tpv\práctica_1_tpv_ii\sdlproject\tpv2\debug\vc142.pdb
c:\users\tomás lópez\desktop\universidad\segundo\tpv\tpv\práctica_1_tpv_ii\sdlproject\tpv2\debug\vc142.idb
c:\users\tomás lópez\desktop\universidad\segundo\tpv\tpv\práctica_1_tpv_ii\sdlproject\tpv2\debug\gun.obj
c:\users\tomás lópez\desktop\universidad\segundo\tpv\tpv\práctica_1_tpv_ii\sdlproject\tpv2\debug\gamelogic.obj
c:\users\tomás lópez\desktop\universidad\segundo\tpv\tpv\práctica_1_tpv_ii\sdlproject\tpv2\debug\gamectrl.obj
c:\users\tomás lópez\desktop\universidad\segundo\tpv\tpv\práctica_1_tpv_ii\sdlproject\tpv2\debug\fontsmanager.obj
c:\users\tomás lópez\desktop\universidad\segundo\tpv\tpv\práctica_1_tpv_ii\sdlproject\tpv2\debug\font.obj
c:\users\tomás lópez\desktop\universidad\segundo\tpv\tpv\práctica_1_tpv_ii\sdlproject\tpv2\debug\fighterviewer.obj
c:\users\tomás lópez\desktop\universidad\segundo\tpv\tpv\práctica_1_tpv_ii\sdlproject\tpv2\debug\fightermotion.obj
c:\users\tomás lópez\desktop\universidad\segundo\tpv\tpv\práctica_1_tpv_ii\sdlproject\tpv2\debug\fighterctrl.obj
c:\users\tomás lópez\desktop\universidad\segundo\tpv\tpv\práctica_1_tpv_ii\sdlproject\tpv2\debug\entity.obj
c:\users\tomás lópez\desktop\universidad\segundo\tpv\tpv\práctica_1_tpv_ii\sdlproject\tpv2\debug\component.obj
c:\users\tomás lópez\desktop\universidad\segundo\tpv\tpv\práctica_1_tpv_ii\sdlproject\tpv2\debug\collisions.obj
c:\users\tomás lópez\desktop\universidad\segundo\tpv\tpv\práctica_1_tpv_ii\sdlproject\tpv2\debug\bulletsviewer.obj
c:\users\tomás lópez\desktop\universidad\segundo\tpv\tpv\práctica_1_tpv_ii\sdlproject\tpv2\debug\bulletspool.obj
c:\users\tomás lópez\desktop\universidad\segundo\tpv\tpv\práctica_1_tpv_ii\sdlproject\tpv2\debug\bulletsmotion.obj
c:\users\tomás lópez\desktop\universidad\segundo\tpv\tpv\práctica_1_tpv_ii\sdlproject\tpv2\debug\ballmovebehaviour.obj
c:\users\tomás lópez\desktop\universidad\segundo\tpv\tpv\práctica_1_tpv_ii\sdlproject\tpv2\debug\audiomanager.obj
c:\users\tomás lópez\desktop\universidad\segundo\tpv\tpv\práctica_1_tpv_ii\sdlproject\tpv2\debug\asteroidsviewer.obj
c:\users\tomás lópez\desktop\universidad\segundo\tpv\tpv\práctica_1_tpv_ii\sdlproject\tpv2\debug\asteroidsmotion.obj
c:\users\tomás lópez\desktop\universidad\segundo\tpv\tpv\práctica_1_tpv_ii\sdlproject\tpv2\debug\asteroids.obj
c:\users\tomás lópez\desktop\universidad\segundo\tpv\tpv\práctica_1_tpv_ii\sdlproject\tpv2\debug\asteroidpool.obj
c:\users\tomás lópez\desktop\universidad\segundo\tpv\tpv\práctica_1_tpv_ii\sdlproject\tpv2\debug\simplemovebahviour.obj
c:\users\tomás lópez\desktop\universidad\segundo\tpv\tpv\práctica_1_tpv_ii\sdlproject\tpv2\debug\sdl_macros.obj
c:\users\tomás lópez\desktop\universidad\segundo\tpv\tpv\práctica_1_tpv_ii\sdlproject\tpv2\debug\sdltexturesmanager.obj
c:\users\tomás lópez\desktop\universidad\segundo\tpv\tpv\práctica_1_tpv_ii\sdlproject\tpv2\debug\sdlgame.obj
c:\users\tomás lópez\desktop\universidad\segundo\tpv\tpv\práctica_1_tpv_ii\sdlproject\tpv2\debug\sdlfontsmanager.obj
c:\users\tomás lópez\desktop\universidad\segundo\tpv\tpv\práctica_1_tpv_ii\sdlproject\tpv2\debug\sdlaudiomanager.obj
c:\users\tomás lópez\desktop\universidad\segundo\tpv\tpv\práctica_1_tpv_ii\sdlproject\tpv2\debug\scoreviewer.obj
c:\users\tomás lópez\desktop\universidad\segundo\tpv\tpv\práctica_1_tpv_ii\sdlproject\tpv2\debug\scoremanager.obj
c:\users\tomás lópez\desktop\universidad\segundo\tpv\tpv\práctica_1_tpv_ii\sdlproject\tpv2\debug\resources.obj
c:\users\tomás lópez\desktop\universidad\segundo\tpv\tpv\práctica_1_tpv_ii\sdlproject\tpv2\debug\rectangle.obj
c:\users\tomás lópez\desktop\universidad\segundo\tpv\tpv\práctica_1_tpv_ii\sdlproject\tpv2\debug\randomnumbergenerator.obj
c:\users\tomás lópez\desktop\universidad\segundo\tpv\tpv\práctica_1_tpv_ii\sdlproject\tpv2\debug\paddlemovebehaviour.obj
c:\users\tomás lópez\desktop\universidad\segundo\tpv\tpv\práctica_1_tpv_ii\sdlproject\tpv2\debug\paddlemousectrl.obj
c:\users\tomás lópez\desktop\universidad\segundo\tpv\tpv\práctica_1_tpv_ii\sdlproject\tpv2\debug\paddlekbctrl.obj
c:\users\tomás lópez\desktop\universidad\segundo\tpv\tpv\práctica_1_tpv_ii\sdlproject\tpv2\debug\objectpool.obj
c:\users\tomás lópez\desktop\universidad\segundo\tpv\tpv\práctica_1_tpv_ii\sdlproject\tpv2\debug\manager.obj
c:\users\tomás lópez\desktop\universidad\segundo\tpv\tpv\práctica_1_tpv_ii\sdlproject\tpv2\debug\main.obj
c:\users\tomás lópez\desktop\universidad\segundo\tpv\tpv\práctica_1_tpv_ii\sdlproject\tpv2\debug\jute.obj
c:\users\tomás lópez\desktop\universidad\segundo\tpv\tpv\práctica_1_tpv_ii\sdlproject\tpv2\debug\inputhandler.obj
c:\users\tomás lópez\desktop\universidad\segundo\tpv\tpv\práctica_1_tpv_ii\sdlproject\tpv2\debug\health.obj
c:\users\tomás lópez\desktop\universidad\segundo\tpv\tpv\práctica_1_tpv_ii\sdlproject\tpv2\debug\vector2d.obj
c:\users\tomás lópez\desktop\universidad\segundo\tpv\tpv\práctica_1_tpv_ii\sdlproject\tpv2\debug\transform.obj
c:\users\tomás lópez\desktop\universidad\segundo\tpv\tpv\práctica_1_tpv_ii\sdlproject\tpv2\debug\texturesmanager.obj
c:\users\tomás lópez\desktop\universidad\segundo\tpv\tpv\práctica_1_tpv_ii\sdlproject\tpv2\debug\tpv2.tlog\cl.command.1.tlog
c:\users\tomás lópez\desktop\universidad\segundo\tpv\tpv\práctica_1_tpv_ii\sdlproject\tpv2\debug\tpv2.tlog\cl.read.1.tlog
c:\users\tomás lópez\desktop\universidad\segundo\tpv\tpv\práctica_1_tpv_ii\sdlproject\tpv2\debug\tpv2.tlog\cl.write.1.tlog
