c:\users\tomás lópez\desktop\universidad\segundo\tpv\tpv\tpvii\practica_3_tpv_ii\tpv2\x64\debug\vc142.pdb
c:\users\tomás lópez\desktop\universidad\segundo\tpv\tpv\tpvii\practica_3_tpv_ii\tpv2\x64\debug\vc142.idb
c:\users\tomás lópez\desktop\universidad\segundo\tpv\tpv\tpvii\practica_3_tpv_ii\tpv2\x64\debug\offacotry.obj
c:\users\tomás lópez\desktop\universidad\segundo\tpv\tpv\tpvii\practica_3_tpv_ii\tpv2\x64\debug\objectpool.obj
c:\users\tomás lópez\desktop\universidad\segundo\tpv\tpv\tpvii\practica_3_tpv_ii\tpv2\x64\debug\objectfactory.obj
c:\users\tomás lópez\desktop\universidad\segundo\tpv\tpv\tpvii\practica_3_tpv_ii\tpv2\x64\debug\networkingsystem.obj
c:\users\tomás lópez\desktop\universidad\segundo\tpv\tpv\tpvii\practica_3_tpv_ii\tpv2\x64\debug\networking.obj
c:\users\tomás lópez\desktop\universidad\segundo\tpv\tpv\tpvii\practica_3_tpv_ii\tpv2\x64\debug\manager.obj
c:\users\tomás lópez\desktop\universidad\segundo\tpv\tpv\tpvii\practica_3_tpv_ii\tpv2\x64\debug\main.obj
c:\users\tomás lópez\desktop\universidad\segundo\tpv\tpv\tpvii\practica_3_tpv_ii\tpv2\x64\debug\jute.obj
c:\users\tomás lópez\desktop\universidad\segundo\tpv\tpv\tpvii\practica_3_tpv_ii\tpv2\x64\debug\inputhandler.obj
c:\users\tomás lópez\desktop\universidad\segundo\tpv\tpv\tpvii\practica_3_tpv_ii\tpv2\x64\debug\gamectrlsystem.obj
c:\users\tomás lópez\desktop\universidad\segundo\tpv\tpv\tpvii\practica_3_tpv_ii\tpv2\x64\debug\fontsmanager.obj
c:\users\tomás lópez\desktop\universidad\segundo\tpv\tpv\tpvii\practica_3_tpv_ii\tpv2\x64\debug\font.obj
c:\users\tomás lópez\desktop\universidad\segundo\tpv\tpv\tpvii\practica_3_tpv_ii\tpv2\x64\debug\fighterssystem.obj
c:\users\tomás lópez\desktop\universidad\segundo\tpv\tpv\tpvii\practica_3_tpv_ii\tpv2\x64\debug\entity.obj
c:\users\tomás lópez\desktop\universidad\segundo\tpv\tpv\tpvii\practica_3_tpv_ii\tpv2\x64\debug\deffactory.obj
c:\users\tomás lópez\desktop\universidad\segundo\tpv\tpv\tpvii\practica_3_tpv_ii\tpv2\x64\debug\collisionsystem.obj
c:\users\tomás lópez\desktop\universidad\segundo\tpv\tpv\tpvii\practica_3_tpv_ii\tpv2\x64\debug\collisions.obj
c:\users\tomás lópez\desktop\universidad\segundo\tpv\tpv\tpvii\practica_3_tpv_ii\tpv2\x64\debug\bulletssystem.obj
c:\users\tomás lópez\desktop\universidad\segundo\tpv\tpv\tpvii\practica_3_tpv_ii\tpv2\x64\debug\bulletspool.obj
c:\users\tomás lópez\desktop\universidad\segundo\tpv\tpv\tpvii\practica_3_tpv_ii\tpv2\x64\debug\audiomanager.obj
c:\users\tomás lópez\desktop\universidad\segundo\tpv\tpv\tpvii\practica_3_tpv_ii\tpv2\x64\debug\vector2d.obj
c:\users\tomás lópez\desktop\universidad\segundo\tpv\tpv\tpvii\practica_3_tpv_ii\tpv2\x64\debug\transform.obj
c:\users\tomás lópez\desktop\universidad\segundo\tpv\tpv\tpvii\practica_3_tpv_ii\tpv2\x64\debug\texturesmanager.obj
c:\users\tomás lópez\desktop\universidad\segundo\tpv\tpv\tpvii\practica_3_tpv_ii\tpv2\x64\debug\texture.obj
c:\users\tomás lópez\desktop\universidad\segundo\tpv\tpv\tpvii\practica_3_tpv_ii\tpv2\x64\debug\system.obj
c:\users\tomás lópez\desktop\universidad\segundo\tpv\tpv\tpvii\practica_3_tpv_ii\tpv2\x64\debug\starwars.obj
c:\users\tomás lópez\desktop\universidad\segundo\tpv\tpv\tpvii\practica_3_tpv_ii\tpv2\x64\debug\srandbasedgenerator.obj
c:\users\tomás lópez\desktop\universidad\segundo\tpv\tpv\tpvii\practica_3_tpv_ii\tpv2\x64\debug\singleton.obj
c:\users\tomás lópez\desktop\universidad\segundo\tpv\tpv\tpvii\practica_3_tpv_ii\tpv2\x64\debug\sdl_macros.obj
c:\users\tomás lópez\desktop\universidad\segundo\tpv\tpv\tpvii\practica_3_tpv_ii\tpv2\x64\debug\sdltexturesmanager.obj
c:\users\tomás lópez\desktop\universidad\segundo\tpv\tpv\tpvii\practica_3_tpv_ii\tpv2\x64\debug\sdlgame.obj
c:\users\tomás lópez\desktop\universidad\segundo\tpv\tpv\tpvii\practica_3_tpv_ii\tpv2\x64\debug\sdlfontsmanager.obj
c:\users\tomás lópez\desktop\universidad\segundo\tpv\tpv\tpvii\practica_3_tpv_ii\tpv2\x64\debug\sdlaudiomanager.obj
c:\users\tomás lópez\desktop\universidad\segundo\tpv\tpv\tpvii\practica_3_tpv_ii\tpv2\x64\debug\resources.obj
c:\users\tomás lópez\desktop\universidad\segundo\tpv\tpv\tpvii\practica_3_tpv_ii\tpv2\x64\debug\rendersystem.obj
c:\users\tomás lópez\desktop\universidad\segundo\tpv\tpv\tpvii\practica_3_tpv_ii\tpv2\x64\debug\randomnumbergenerator.obj
c:\users\tomás lópez\desktop\universidad\segundo\tpv\tpv\tpvii\practica_3_tpv_ii\bin\practica_3_tpv_iidebug.pdb
c:\users\tomás lópez\desktop\universidad\segundo\tpv\tpv\tpvii\practica_3_tpv_ii\tpv2\x64\debug\practica.ab972a8f.tlog\cl.command.1.tlog
c:\users\tomás lópez\desktop\universidad\segundo\tpv\tpv\tpvii\practica_3_tpv_ii\tpv2\x64\debug\practica.ab972a8f.tlog\cl.read.1.tlog
c:\users\tomás lópez\desktop\universidad\segundo\tpv\tpv\tpvii\practica_3_tpv_ii\tpv2\x64\debug\practica.ab972a8f.tlog\cl.write.1.tlog
c:\users\tomás lópez\desktop\universidad\segundo\tpv\tpv\tpvii\practica_3_tpv_ii\tpv2\x64\debug\practica.ab972a8f.tlog\link-cvtres.read.1.tlog
c:\users\tomás lópez\desktop\universidad\segundo\tpv\tpv\tpvii\practica_3_tpv_ii\tpv2\x64\debug\practica.ab972a8f.tlog\link-cvtres.write.1.tlog
c:\users\tomás lópez\desktop\universidad\segundo\tpv\tpv\tpvii\practica_3_tpv_ii\tpv2\x64\debug\practica.ab972a8f.tlog\link-rc.read.1.tlog
c:\users\tomás lópez\desktop\universidad\segundo\tpv\tpv\tpvii\practica_3_tpv_ii\tpv2\x64\debug\practica.ab972a8f.tlog\link-rc.write.1.tlog
c:\users\tomás lópez\desktop\universidad\segundo\tpv\tpv\tpvii\practica_3_tpv_ii\tpv2\x64\debug\practica.ab972a8f.tlog\link.command.1.tlog
c:\users\tomás lópez\desktop\universidad\segundo\tpv\tpv\tpvii\practica_3_tpv_ii\tpv2\x64\debug\practica.ab972a8f.tlog\link.delete.1.tlog
c:\users\tomás lópez\desktop\universidad\segundo\tpv\tpv\tpvii\practica_3_tpv_ii\tpv2\x64\debug\practica.ab972a8f.tlog\link.read.1.tlog
c:\users\tomás lópez\desktop\universidad\segundo\tpv\tpv\tpvii\practica_3_tpv_ii\tpv2\x64\debug\practica.ab972a8f.tlog\link.write.1.tlog
