  Arrow.cpp
C:\Users\Tomás López\Desktop\Universidad\Segundo\TPV\TPV\Practica_1\ProyectosSDL\ProyectosSDL\HolaSDL\Arrow.cpp(14,15): warning C4244: '=': conversión de 'const double' a 'int'; posible pérdida de datos
C:\Users\Tomás López\Desktop\Universidad\Segundo\TPV\TPV\Practica_1\ProyectosSDL\ProyectosSDL\HolaSDL\Arrow.cpp(15,15): warning C4244: '=': conversión de 'const double' a 'int'; posible pérdida de datos
C:\Users\Tomás López\Desktop\Universidad\Segundo\TPV\TPV\Practica_1\ProyectosSDL\ProyectosSDL\HolaSDL\Arrow.cpp(16,28): warning C4244: '=': conversión de 'double' a 'int'; posible pérdida de datos
  Balloon.cpp
C:\Users\Tomás López\Desktop\Universidad\Segundo\TPV\TPV\Practica_1\ProyectosSDL\ProyectosSDL\HolaSDL\Arrow.cpp(17,28): warning C4244: '=': conversión de 'double' a 'int'; posible pérdida de datos
C:\Users\Tomás López\Desktop\Universidad\Segundo\TPV\TPV\Practica_1\ProyectosSDL\ProyectosSDL\HolaSDL\Balloon.cpp(16,22): warning C4244: '=': conversión de 'double' a 'int'; posible pérdida de datos
C:\Users\Tomás López\Desktop\Universidad\Segundo\TPV\TPV\Practica_1\ProyectosSDL\ProyectosSDL\HolaSDL\Balloon.cpp(17,21): warning C4244: '=': conversión de 'double' a 'int'; posible pérdida de datos
C:\Users\Tomás López\Desktop\Universidad\Segundo\TPV\TPV\Practica_1\ProyectosSDL\ProyectosSDL\HolaSDL\Balloon.cpp(18,23): warning C4244: '=': conversión de 'double' a 'int'; posible pérdida de datos
  Bow.cpp
C:\Users\Tomás López\Desktop\Universidad\Segundo\TPV\TPV\Practica_1\ProyectosSDL\ProyectosSDL\HolaSDL\Balloon.cpp(19,23): warning C4244: '=': conversión de 'double' a 'int'; posible pérdida de datos
C:\Users\Tomás López\Desktop\Universidad\Segundo\TPV\TPV\Practica_1\ProyectosSDL\ProyectosSDL\HolaSDL\Bow.cpp(20,15): warning C4244: '=': conversión de 'const double' a 'int'; posible pérdida de datos
C:\Users\Tomás López\Desktop\Universidad\Segundo\TPV\TPV\Practica_1\ProyectosSDL\ProyectosSDL\HolaSDL\Bow.cpp(21,15): warning C4244: '=': conversión de 'const double' a 'int'; posible pérdida de datos
C:\Users\Tomás López\Desktop\Universidad\Segundo\TPV\TPV\Practica_1\ProyectosSDL\ProyectosSDL\HolaSDL\Bow.cpp(22,23): warning C4244: '=': conversión de 'double' a 'int'; posible pérdida de datos
  Game.cpp
C:\Users\Tomás López\Desktop\Universidad\Segundo\TPV\TPV\Practica_1\ProyectosSDL\ProyectosSDL\HolaSDL\Bow.cpp(23,23): warning C4244: '=': conversión de 'double' a 'int'; posible pérdida de datos
  Main.cpp
C:\Users\Tomás López\Desktop\Universidad\Segundo\TPV\TPV\Practica_1\ProyectosSDL\ProyectosSDL\HolaSDL\Game.cpp(15,12): warning C4244: 'argumento': conversión de 'time_t' a 'unsigned int'; posible pérdida de datos
C:\Program Files (x86)\Windows Kits\10\Include\10.0.18362.0\ucrt\crtdbg.h(303,1): warning C4005: '_malloca': redefinición de macro
  Generando código...
C:\Program Files (x86)\Windows Kits\10\Include\10.0.18362.0\ucrt\malloc.h(122): message : vea la definición anterior de '_malloca'
  HolaSDL.vcxproj -> C:\Users\Tomás López\Desktop\Universidad\Segundo\TPV\TPV\Practica_1\ProyectosSDL\ProyectosSDL\bin\HolaSDLDebug.exe
