  Arrow.cpp
  ArrowsGameObject.cpp
C:\Program Files (x86)\Windows Kits\10\Include\10.0.18362.0\ucrt\crtdbg.h(303,1): warning C4005: '_malloca': redefinición de macro
C:\Program Files (x86)\Windows Kits\10\Include\10.0.18362.0\ucrt\malloc.h(122): message : vea la definición anterior de '_malloca'
D:\Otros\Uni\TP\RepoTP\TPV\TPVI\Práctica_2\ProyectosSDL\ProyectosSDL\HolaSDL\ArrowsGameObject.cpp(22,21): warning C4244: '=': conversión de 'double' a 'int'; posible pérdida de datos
D:\Otros\Uni\TP\RepoTP\TPV\TPVI\Práctica_2\ProyectosSDL\ProyectosSDL\HolaSDL\ArrowsGameObject.cpp(23,20): warning C4244: '=': conversión de 'double' a 'int'; posible pérdida de datos
D:\Otros\Uni\TP\RepoTP\TPV\TPVI\Práctica_2\ProyectosSDL\ProyectosSDL\HolaSDL\ArrowsGameObject.cpp(24,23): warning C4244: '=': conversión de 'double' a 'int'; posible pérdida de datos
D:\Otros\Uni\TP\RepoTP\TPV\TPVI\Práctica_2\ProyectosSDL\ProyectosSDL\HolaSDL\ArrowsGameObject.cpp(25,23): warning C4244: '=': conversión de 'double' a 'int'; posible pérdida de datos
  Balloon.cpp
D:\Otros\Uni\TP\RepoTP\TPV\TPVI\Práctica_2\ProyectosSDL\ProyectosSDL\HolaSDL\Balloon.cpp(44,28): warning C4244: 'argumento': conversión de 'double' a 'int'; posible pérdida de datos
  Bow.cpp
  Butterfly.cpp
  EventHandler.cpp
  Game.cpp
D:\Otros\Uni\TP\RepoTP\TPV\TPVI\Práctica_2\ProyectosSDL\ProyectosSDL\HolaSDL\Game.cpp(16,12): warning C4244: 'argumento': conversión de 'time_t' a 'unsigned int'; posible pérdida de datos
D:\Otros\Uni\TP\RepoTP\TPV\TPVI\Práctica_2\ProyectosSDL\ProyectosSDL\HolaSDL\Game.cpp(235,20): warning C4018: '<': no coinciden signed/unsigned
  GameObject.cpp
  Main.cpp
C:\Program Files (x86)\Windows Kits\10\Include\10.0.18362.0\ucrt\crtdbg.h(303,1): warning C4005: '_malloca': redefinición de macro
C:\Program Files (x86)\Windows Kits\10\Include\10.0.18362.0\ucrt\malloc.h(122): message : vea la definición anterior de '_malloca'
  Reward.cpp
C:\Program Files (x86)\Windows Kits\10\Include\10.0.18362.0\ucrt\crtdbg.h(303,1): warning C4005: '_malloca': redefinición de macro
C:\Program Files (x86)\Windows Kits\10\Include\10.0.18362.0\ucrt\malloc.h(122): message : vea la definición anterior de '_malloca'
  ScoreBoard.cpp
D:\Otros\Uni\TP\RepoTP\TPV\TPVI\Práctica_2\ProyectosSDL\ProyectosSDL\HolaSDL\ScoreBoard.cpp(49,23): warning C4244: '=': conversión de 'double' a 'int'; posible pérdida de datos
D:\Otros\Uni\TP\RepoTP\TPV\TPVI\Práctica_2\ProyectosSDL\ProyectosSDL\HolaSDL\ScoreBoard.cpp(50,23): warning C4244: '=': conversión de 'double' a 'int'; posible pérdida de datos
  Texture.cpp
  Vector2D.cpp
  Generando código...
  HolaSDL.vcxproj -> D:\Otros\Uni\TP\RepoTP\TPV\TPVI\Práctica_2\ProyectosSDL\ProyectosSDL\bin\HolaSDLDebug.exe
