  Arrow.cpp
D:\Otros\Uni\RepoTP\TPV\Práctica_3\ProyectosSDL\ProyectosSDL\HolaSDL\Balloon.h(7,40): error C2504: 'ArrowsGameObject': clase base sin definir
D:\Otros\Uni\RepoTP\TPV\Práctica_3\ProyectosSDL\ProyectosSDL\HolaSDL\Reward.h(9,39): error C2504: 'ArrowsGameObject': clase base sin definir
D:\Otros\Uni\RepoTP\TPV\Práctica_3\ProyectosSDL\ProyectosSDL\HolaSDL\Reward.h(21,7): error C2143: error de sintaxis: falta ';' delante de '*'
D:\Otros\Uni\RepoTP\TPV\Práctica_3\ProyectosSDL\ProyectosSDL\HolaSDL\Reward.h(21,7): error C4430: falta el especificador de tipo; se presupone int. Nota: C++ no admite default-int
D:\Otros\Uni\RepoTP\TPV\Práctica_3\ProyectosSDL\ProyectosSDL\HolaSDL\Reward.h(21,24): error C2238: símbolos (token) inesperados delante de ';'
D:\Otros\Uni\RepoTP\TPV\Práctica_3\ProyectosSDL\ProyectosSDL\HolaSDL\Reward.h(24,68): error C2061: error de sintaxis: identificador 'Arrow'
D:\Otros\Uni\RepoTP\TPV\Práctica_3\ProyectosSDL\ProyectosSDL\HolaSDL\Butterfly.h(6,43): error C2504: 'ArrowsGameObject': clase base sin definir
D:\Otros\Uni\RepoTP\TPV\Práctica_3\ProyectosSDL\ProyectosSDL\HolaSDL\PlayState.h(13,9): error C2065: 'Arrow': identificador no declarado
D:\Otros\Uni\RepoTP\TPV\Práctica_3\ProyectosSDL\ProyectosSDL\HolaSDL\PlayState.h(13,15): error C2059: error de sintaxis: '>'
D:\Otros\Uni\RepoTP\TPV\Práctica_3\ProyectosSDL\ProyectosSDL\HolaSDL\PlayState.h(31,7): error C2143: error de sintaxis: falta ';' delante de '*'
D:\Otros\Uni\RepoTP\TPV\Práctica_3\ProyectosSDL\ProyectosSDL\HolaSDL\PlayState.h(31,7): error C4430: falta el especificador de tipo; se presupone int. Nota: C++ no admite default-int
D:\Otros\Uni\RepoTP\TPV\Práctica_3\ProyectosSDL\ProyectosSDL\HolaSDL\PlayState.h(31,61): error C2238: símbolos (token) inesperados delante de ';'
D:\Otros\Uni\RepoTP\TPV\Práctica_3\ProyectosSDL\ProyectosSDL\HolaSDL\PlayState.h(32,18): error C2061: error de sintaxis: identificador 'Arrow'
  ArrowsGameObject.cpp
D:\Otros\Uni\RepoTP\TPV\Práctica_3\ProyectosSDL\ProyectosSDL\HolaSDL\PlayState.h(34,50): error C2061: error de sintaxis: identificador 'Arrow'
C:\Program Files (x86)\Windows Kits\10\Include\10.0.18362.0\ucrt\crtdbg.h(303,1): warning C4005: '_malloca': redefinición de macro
C:\Program Files (x86)\Windows Kits\10\Include\10.0.18362.0\ucrt\malloc.h(122): message : vea la definición anterior de '_malloca'
D:\Otros\Uni\RepoTP\TPV\Práctica_3\ProyectosSDL\ProyectosSDL\HolaSDL\Arrow.h(5,39): error C2504: 'ArrowsGameObject': clase base sin definir
D:\Otros\Uni\RepoTP\TPV\Práctica_3\ProyectosSDL\ProyectosSDL\HolaSDL\Reward.h(9,39): error C2504: 'ArrowsGameObject': clase base sin definir
D:\Otros\Uni\RepoTP\TPV\Práctica_3\ProyectosSDL\ProyectosSDL\HolaSDL\Butterfly.h(6,43): error C2504: 'ArrowsGameObject': clase base sin definir
  Balloon.cpp
D:\Otros\Uni\RepoTP\TPV\Práctica_3\ProyectosSDL\ProyectosSDL\HolaSDL\PlayState.h(31,35): error C2061: error de sintaxis: identificador 'ArrowsGameObject'
D:\Otros\Uni\RepoTP\TPV\Práctica_3\ProyectosSDL\ProyectosSDL\HolaSDL\Arrow.h(5,39): error C2504: 'ArrowsGameObject': clase base sin definir
D:\Otros\Uni\RepoTP\TPV\Práctica_3\ProyectosSDL\ProyectosSDL\HolaSDL\Reward.h(9,39): error C2504: 'ArrowsGameObject': clase base sin definir
D:\Otros\Uni\RepoTP\TPV\Práctica_3\ProyectosSDL\ProyectosSDL\HolaSDL\Butterfly.h(6,43): error C2504: 'ArrowsGameObject': clase base sin definir
D:\Otros\Uni\RepoTP\TPV\Práctica_3\ProyectosSDL\ProyectosSDL\HolaSDL\PlayState.h(31,35): error C2061: error de sintaxis: identificador 'ArrowsGameObject'
D:\Otros\Uni\RepoTP\TPV\Práctica_3\ProyectosSDL\ProyectosSDL\HolaSDL\Balloon.cpp(36,55): error C2660: 'PlayState::collision': la función no acepta 3 argumentos
D:\Otros\Uni\RepoTP\TPV\Práctica_3\ProyectosSDL\ProyectosSDL\HolaSDL\PlayState.h(31,9): message : vea la declaración de 'PlayState::collision'
  Bow.cpp
D:\Otros\Uni\RepoTP\TPV\Práctica_3\ProyectosSDL\ProyectosSDL\HolaSDL\Balloon.cpp(43,33): warning C4244: 'argumento': conversión de 'double' a 'int'; posible pérdida de datos
D:\Otros\Uni\RepoTP\TPV\Práctica_3\ProyectosSDL\ProyectosSDL\HolaSDL\Balloon.h(7,40): error C2504: 'ArrowsGameObject': clase base sin definir
D:\Otros\Uni\RepoTP\TPV\Práctica_3\ProyectosSDL\ProyectosSDL\HolaSDL\Arrow.h(5,39): error C2504: 'ArrowsGameObject': clase base sin definir
D:\Otros\Uni\RepoTP\TPV\Práctica_3\ProyectosSDL\ProyectosSDL\HolaSDL\Reward.h(9,39): error C2504: 'ArrowsGameObject': clase base sin definir
D:\Otros\Uni\RepoTP\TPV\Práctica_3\ProyectosSDL\ProyectosSDL\HolaSDL\Butterfly.h(6,43): error C2504: 'ArrowsGameObject': clase base sin definir
D:\Otros\Uni\RepoTP\TPV\Práctica_3\ProyectosSDL\ProyectosSDL\HolaSDL\PlayState.h(31,35): error C2061: error de sintaxis: identificador 'ArrowsGameObject'
D:\Otros\Uni\RepoTP\TPV\Práctica_3\ProyectosSDL\ProyectosSDL\HolaSDL\Bow.cpp(23,36): error C2039: 'render': no es un miembro de 'Arrow'
  Butterfly.cpp
D:\Otros\Uni\RepoTP\TPV\Práctica_3\ProyectosSDL\ProyectosSDL\HolaSDL\Arrow.h(5): message : vea la declaración de 'Arrow'
D:\Otros\Uni\RepoTP\TPV\Práctica_3\ProyectosSDL\ProyectosSDL\HolaSDL\Balloon.h(7,40): error C2504: 'ArrowsGameObject': clase base sin definir
D:\Otros\Uni\RepoTP\TPV\Práctica_3\ProyectosSDL\ProyectosSDL\HolaSDL\Arrow.h(5,39): error C2504: 'ArrowsGameObject': clase base sin definir
D:\Otros\Uni\RepoTP\TPV\Práctica_3\ProyectosSDL\ProyectosSDL\HolaSDL\Reward.h(9,39): error C2504: 'ArrowsGameObject': clase base sin definir
D:\Otros\Uni\RepoTP\TPV\Práctica_3\ProyectosSDL\ProyectosSDL\HolaSDL\PlayState.h(31,35): error C2061: error de sintaxis: identificador 'ArrowsGameObject'
D:\Otros\Uni\RepoTP\TPV\Práctica_3\ProyectosSDL\ProyectosSDL\HolaSDL\Butterfly.cpp(40,6): error C2660: 'PlayState::collision': la función no acepta 3 argumentos
  Game.cpp
D:\Otros\Uni\RepoTP\TPV\Práctica_3\ProyectosSDL\ProyectosSDL\HolaSDL\PlayState.h(31,9): message : vea la declaración de 'PlayState::collision'
C:\Program Files (x86)\Windows Kits\10\Include\10.0.18362.0\ucrt\crtdbg.h(303,1): warning C4005: '_malloca': redefinición de macro
C:\Program Files (x86)\Windows Kits\10\Include\10.0.18362.0\ucrt\malloc.h(122): message : vea la definición anterior de '_malloca'
D:\Otros\Uni\RepoTP\TPV\Práctica_3\ProyectosSDL\ProyectosSDL\HolaSDL\Arrow.h(5,39): error C2504: 'ArrowsGameObject': clase base sin definir
D:\Otros\Uni\RepoTP\TPV\Práctica_3\ProyectosSDL\ProyectosSDL\HolaSDL\Reward.h(9,39): error C2504: 'ArrowsGameObject': clase base sin definir
D:\Otros\Uni\RepoTP\TPV\Práctica_3\ProyectosSDL\ProyectosSDL\HolaSDL\Butterfly.h(6,43): error C2504: 'ArrowsGameObject': clase base sin definir
D:\Otros\Uni\RepoTP\TPV\Práctica_3\ProyectosSDL\ProyectosSDL\HolaSDL\PlayState.h(31,35): error C2061: error de sintaxis: identificador 'ArrowsGameObject'
D:\Otros\Uni\RepoTP\TPV\Práctica_3\ProyectosSDL\ProyectosSDL\HolaSDL\Game.cpp(9,12): warning C4244: 'argumento': conversión de 'time_t' a 'unsigned int'; posible pérdida de datos
D:\Otros\Uni\RepoTP\TPV\Práctica_3\ProyectosSDL\ProyectosSDL\HolaSDL\Game.cpp(22,100): error C2664: 'ScoreBoard::ScoreBoard(ScoreBoard &&)': el argumento 3 no puede convertirse de 'SDLApplication *' a 'GameState *'
D:\Otros\Uni\RepoTP\TPV\Práctica_3\ProyectosSDL\ProyectosSDL\HolaSDL\Game.cpp(22,96): message : Los tipos señalados no están relacionados; la conversión requiere reinterpret_cast, conversión de estilo de C o conversión de estilo de función
D:\Otros\Uni\RepoTP\TPV\Práctica_3\ProyectosSDL\ProyectosSDL\HolaSDL\ScoreBoard.h(31,2): message : vea la declaración de 'ScoreBoard::ScoreBoard'
D:\Otros\Uni\RepoTP\TPV\Práctica_3\ProyectosSDL\ProyectosSDL\HolaSDL\Game.cpp(23,2): error C2065: 'objects': identificador no declarado
D:\Otros\Uni\RepoTP\TPV\Práctica_3\ProyectosSDL\ProyectosSDL\HolaSDL\Game.cpp(24,24): error C2065: 'objects': identificador no declarado
D:\Otros\Uni\RepoTP\TPV\Práctica_3\ProyectosSDL\ProyectosSDL\HolaSDL\Game.cpp(27,21): error C2664: 'Bow::Bow(const Bow &)': el argumento 8 no puede convertirse de 'SDLApplication *' a 'GameState *'
D:\Otros\Uni\RepoTP\TPV\Práctica_3\ProyectosSDL\ProyectosSDL\HolaSDL\Game.cpp(28,77): message : Los tipos señalados no están relacionados; la conversión requiere reinterpret_cast, conversión de estilo de C o conversión de estilo de función
D:\Otros\Uni\RepoTP\TPV\Práctica_3\ProyectosSDL\ProyectosSDL\HolaSDL\Bow.h(22,2): message : vea la declaración de 'Bow::Bow'
D:\Otros\Uni\RepoTP\TPV\Práctica_3\ProyectosSDL\ProyectosSDL\HolaSDL\Game.cpp(30,3): error C2065: 'objects': identificador no declarado
D:\Otros\Uni\RepoTP\TPV\Práctica_3\ProyectosSDL\ProyectosSDL\HolaSDL\Game.cpp(31,3): error C2065: 'events': identificador no declarado
D:\Otros\Uni\RepoTP\TPV\Práctica_3\ProyectosSDL\ProyectosSDL\HolaSDL\Game.cpp(32,18): error C2065: 'objects': identificador no declarado
D:\Otros\Uni\RepoTP\TPV\Práctica_3\ProyectosSDL\ProyectosSDL\HolaSDL\Game.cpp(34,3): error C3861: 'butterflyspawner': no se encontró el identificador
D:\Otros\Uni\RepoTP\TPV\Práctica_3\ProyectosSDL\ProyectosSDL\HolaSDL\Game.cpp(45,3): error C3861: 'balloonspawner': no se encontró el identificador
D:\Otros\Uni\RepoTP\TPV\Práctica_3\ProyectosSDL\ProyectosSDL\HolaSDL\Game.cpp(55,11): error C2065: 'currentMap': identificador no declarado
D:\Otros\Uni\RepoTP\TPV\Práctica_3\ProyectosSDL\ProyectosSDL\HolaSDL\Game.cpp(59,7): error C2065: 'objects': identificador no declarado
D:\Otros\Uni\RepoTP\TPV\Práctica_3\ProyectosSDL\ProyectosSDL\HolaSDL\Game.cpp(61,15): error C2065: 'objects': identificador no declarado
D:\Otros\Uni\RepoTP\TPV\Práctica_3\ProyectosSDL\ProyectosSDL\HolaSDL\Game.cpp(75,7): error C2065: 'events': identificador no declarado
D:\Otros\Uni\RepoTP\TPV\Práctica_3\ProyectosSDL\ProyectosSDL\HolaSDL\Game.cpp(81,9): error C2065: 'recordingInput': identificador no declarado
D:\Otros\Uni\RepoTP\TPV\Práctica_3\ProyectosSDL\ProyectosSDL\HolaSDL\Game.cpp(83,5): error C2065: 'recordingInput': identificador no declarado
D:\Otros\Uni\RepoTP\TPV\Práctica_3\ProyectosSDL\ProyectosSDL\HolaSDL\Game.cpp(86,8): error C2065: 'recordingInput': identificador no declarado
D:\Otros\Uni\RepoTP\TPV\Práctica_3\ProyectosSDL\ProyectosSDL\HolaSDL\Game.cpp(91,13): error C2065: 'recordingInput': identificador no declarado
D:\Otros\Uni\RepoTP\TPV\Práctica_3\ProyectosSDL\ProyectosSDL\HolaSDL\Game.cpp(93,5): error C2065: 'recordingInput': identificador no declarado
D:\Otros\Uni\RepoTP\TPV\Práctica_3\ProyectosSDL\ProyectosSDL\HolaSDL\Game.cpp(94,5): error C2065: 'saving': identificador no declarado
D:\Otros\Uni\RepoTP\TPV\Práctica_3\ProyectosSDL\ProyectosSDL\HolaSDL\Game.cpp(99,9): error C2065: 'events': identificador no declarado
D:\Otros\Uni\RepoTP\TPV\Práctica_3\ProyectosSDL\ProyectosSDL\HolaSDL\Game.cpp(101,17): error C2065: 'events': identificador no declarado
D:\Otros\Uni\RepoTP\TPV\Práctica_3\ProyectosSDL\ProyectosSDL\HolaSDL\Game.cpp(112,6): error C2065: 'saving': identificador no declarado
D:\Otros\Uni\RepoTP\TPV\Práctica_3\ProyectosSDL\ProyectosSDL\HolaSDL\Game.cpp(119,7): error C2065: 'objects': identificador no declarado
D:\Otros\Uni\RepoTP\TPV\Práctica_3\ProyectosSDL\ProyectosSDL\HolaSDL\Game.cpp(121,15): error C2065: 'objects': identificador no declarado
D:\Otros\Uni\RepoTP\TPV\Práctica_3\ProyectosSDL\ProyectosSDL\HolaSDL\Game.cpp(127,6): error C2065: 'points': identificador no declarado
D:\Otros\Uni\RepoTP\TPV\Práctica_3\ProyectosSDL\ProyectosSDL\HolaSDL\Game.cpp(127,16): error C2065: 'currentMaxPoints': identificador no declarado
D:\Otros\Uni\RepoTP\TPV\Práctica_3\ProyectosSDL\ProyectosSDL\HolaSDL\Game.cpp(129,13): error C2065: 'objects': identificador no declarado
D:\Otros\Uni\RepoTP\TPV\Práctica_3\ProyectosSDL\ProyectosSDL\HolaSDL\Game.cpp(129,8): error C2672: 'std::next': no se encontró una función sobrecargada que coincida
D:\Otros\Uni\RepoTP\TPV\Práctica_3\ProyectosSDL\ProyectosSDL\HolaSDL\Game.cpp(130,11): error C2065: 'objects': identificador no declarado
D:\Otros\Uni\RepoTP\TPV\Práctica_3\ProyectosSDL\ProyectosSDL\HolaSDL\Game.cpp(135,53): error C2065: 'events': identificador no declarado
D:\Otros\Uni\RepoTP\TPV\Práctica_3\ProyectosSDL\ProyectosSDL\HolaSDL\Game.cpp(136,9): error C2065: 'objects': identificador no declarado
D:\Otros\Uni\RepoTP\TPV\Práctica_3\ProyectosSDL\ProyectosSDL\HolaSDL\Game.cpp(140,3): error C2065: 'currentMap': identificador no declarado
D:\Otros\Uni\RepoTP\TPV\Práctica_3\ProyectosSDL\ProyectosSDL\HolaSDL\Game.cpp(141,3): error C2065: 'currentMaxPoints': identificador no declarado
D:\Otros\Uni\RepoTP\TPV\Práctica_3\ProyectosSDL\ProyectosSDL\HolaSDL\Game.cpp(141,42): error C2065: 'currentMap': identificador no declarado
D:\Otros\Uni\RepoTP\TPV\Práctica_3\ProyectosSDL\ProyectosSDL\HolaSDL\Game.cpp(142,3): error C2065: 'availableArrows': identificador no declarado
D:\Otros\Uni\RepoTP\TPV\Práctica_3\ProyectosSDL\ProyectosSDL\HolaSDL\Game.cpp(142,44): error C2065: 'currentMap': identificador no declarado
D:\Otros\Uni\RepoTP\TPV\Práctica_3\ProyectosSDL\ProyectosSDL\HolaSDL\Game.cpp(143,3): error C3861: 'butterflyspawner': no se encontró el identificador
D:\Otros\Uni\RepoTP\TPV\Práctica_3\ProyectosSDL\ProyectosSDL\HolaSDL\Game.cpp(146,6): error C2065: 'objectsToErase': identificador no declarado
D:\Otros\Uni\RepoTP\TPV\Práctica_3\ProyectosSDL\ProyectosSDL\HolaSDL\Game.cpp(148,9): error C2065: 'objectsToErase': identificador no declarado
D:\Otros\Uni\RepoTP\TPV\Práctica_3\ProyectosSDL\ProyectosSDL\HolaSDL\Game.cpp(150,22): error C2065: 'objectsToErase': identificador no declarado
D:\Otros\Uni\RepoTP\TPV\Práctica_3\ProyectosSDL\ProyectosSDL\HolaSDL\Game.cpp(153,53): error C2065: 'events': identificador no declarado
D:\Otros\Uni\RepoTP\TPV\Práctica_3\ProyectosSDL\ProyectosSDL\HolaSDL\Game.cpp(154,9): error C2065: 'objects': identificador no declarado
D:\Otros\Uni\RepoTP\TPV\Práctica_3\ProyectosSDL\ProyectosSDL\HolaSDL\Game.cpp(158,3): error C2065: 'objectsToErase': identificador no declarado
D:\Otros\Uni\RepoTP\TPV\Práctica_3\ProyectosSDL\ProyectosSDL\HolaSDL\Game.cpp(161,6): error C2065: 'currentButterflies': identificador no declarado
D:\Otros\Uni\RepoTP\TPV\Práctica_3\ProyectosSDL\ProyectosSDL\HolaSDL\Game.cpp(166,9): error C2065: 'saving': identificador no declarado
D:\Otros\Uni\RepoTP\TPV\Práctica_3\ProyectosSDL\ProyectosSDL\HolaSDL\Game.cpp(183,11): error C2065: 'availableArrows': identificador no declarado
D:\Otros\Uni\RepoTP\TPV\Práctica_3\ProyectosSDL\ProyectosSDL\HolaSDL\Game.cpp(183,37): error C2065: 'currentButterflies': identificador no declarado
D:\Otros\Uni\RepoTP\TPV\Práctica_3\ProyectosSDL\ProyectosSDL\HolaSDL\Game.cpp(183,66): error C2065: 'currentArrows': identificador no declarado
D:\Otros\Uni\RepoTP\TPV\Práctica_3\ProyectosSDL\ProyectosSDL\HolaSDL\Game.cpp(183,90): error C2065: 'points': identificador no declarado
D:\Otros\Uni\RepoTP\TPV\Práctica_3\ProyectosSDL\ProyectosSDL\HolaSDL\Game.cpp(184,11): error C2065: 'currentMap': identificador no declarado
D:\Otros\Uni\RepoTP\TPV\Práctica_3\ProyectosSDL\ProyectosSDL\HolaSDL\Game.cpp(184,32): error C2065: 'currentMaxPoints': identificador no declarado
D:\Otros\Uni\RepoTP\TPV\Práctica_3\ProyectosSDL\ProyectosSDL\HolaSDL\Game.cpp(186,100): error C2664: 'ScoreBoard::ScoreBoard(ScoreBoard &&)': el argumento 3 no puede convertirse de 'SDLApplication *' a 'GameState *'
D:\Otros\Uni\RepoTP\TPV\Práctica_3\ProyectosSDL\ProyectosSDL\HolaSDL\Game.cpp(186,96): message : Los tipos señalados no están relacionados; la conversión requiere reinterpret_cast, conversión de estilo de C o conversión de estilo de función
D:\Otros\Uni\RepoTP\TPV\Práctica_3\ProyectosSDL\ProyectosSDL\HolaSDL\ScoreBoard.h(31,2): message : vea la declaración de 'ScoreBoard::ScoreBoard'
D:\Otros\Uni\RepoTP\TPV\Práctica_3\ProyectosSDL\ProyectosSDL\HolaSDL\Game.cpp(187,2): error C2065: 'objects': identificador no declarado
D:\Otros\Uni\RepoTP\TPV\Práctica_3\ProyectosSDL\ProyectosSDL\HolaSDL\Game.cpp(188,24): error C2065: 'objects': identificador no declarado
D:\Otros\Uni\RepoTP\TPV\Práctica_3\ProyectosSDL\ProyectosSDL\HolaSDL\Game.cpp(199,22): error C2664: 'Bow::Bow(const Bow &)': el argumento 8 no puede convertirse de 'SDLApplication *' a 'GameState *'
D:\Otros\Uni\RepoTP\TPV\Práctica_3\ProyectosSDL\ProyectosSDL\HolaSDL\Game.cpp(200,77): message : Los tipos señalados no están relacionados; la conversión requiere reinterpret_cast, conversión de estilo de C o conversión de estilo de función
D:\Otros\Uni\RepoTP\TPV\Práctica_3\ProyectosSDL\ProyectosSDL\HolaSDL\Bow.h(22,2): message : vea la declaración de 'Bow::Bow'
D:\Otros\Uni\RepoTP\TPV\Práctica_3\ProyectosSDL\ProyectosSDL\HolaSDL\Game.cpp(202,3): error C2065: 'objects': identificador no declarado
D:\Otros\Uni\RepoTP\TPV\Práctica_3\ProyectosSDL\ProyectosSDL\HolaSDL\Game.cpp(203,3): error C2065: 'events': identificador no declarado
D:\Otros\Uni\RepoTP\TPV\Práctica_3\ProyectosSDL\ProyectosSDL\HolaSDL\Game.cpp(204,18): error C2065: 'objects': identificador no declarado
D:\Otros\Uni\RepoTP\TPV\Práctica_3\ProyectosSDL\ProyectosSDL\HolaSDL\Game.cpp(208,127): error C2664: 'Butterfly::Butterfly(const Butterfly &)': el argumento 7 no puede convertirse de 'SDLApplication *' a 'GameState *'
D:\Otros\Uni\RepoTP\TPV\Práctica_3\ProyectosSDL\ProyectosSDL\HolaSDL\Game.cpp(208,120): message : Los tipos señalados no están relacionados; la conversión requiere reinterpret_cast, conversión de estilo de C o conversión de estilo de función
D:\Otros\Uni\RepoTP\TPV\Práctica_3\ProyectosSDL\ProyectosSDL\HolaSDL\Butterfly.h(13,2): message : vea la declaración de 'Butterfly::Butterfly'
D:\Otros\Uni\RepoTP\TPV\Práctica_3\ProyectosSDL\ProyectosSDL\HolaSDL\Game.cpp(209,26): error C2039: 'setItList': no es un miembro de 'Butterfly'
D:\Otros\Uni\RepoTP\TPV\Práctica_3\ProyectosSDL\ProyectosSDL\HolaSDL\Butterfly.h(6): message : vea la declaración de 'Butterfly'
D:\Otros\Uni\RepoTP\TPV\Práctica_3\ProyectosSDL\ProyectosSDL\HolaSDL\Game.cpp(209,27): error C2065: 'objects': identificador no declarado
D:\Otros\Uni\RepoTP\TPV\Práctica_3\ProyectosSDL\ProyectosSDL\HolaSDL\Game.cpp(209,42): error C2065: 'objects': identificador no declarado
D:\Otros\Uni\RepoTP\TPV\Práctica_3\ProyectosSDL\ProyectosSDL\HolaSDL\Game.cpp(213,34): error C2664: 'Reward::Reward(const Reward &)': el argumento 10 no puede convertirse de 'SDLApplication *' a 'GameState *'
D:\Otros\Uni\RepoTP\TPV\Práctica_3\ProyectosSDL\ProyectosSDL\HolaSDL\Game.cpp(214,94): message : Los tipos señalados no están relacionados; la conversión requiere reinterpret_cast, conversión de estilo de C o conversión de estilo de función
D:\Otros\Uni\RepoTP\TPV\Práctica_3\ProyectosSDL\ProyectosSDL\HolaSDL\Reward.h(24,2): message : vea la declaración de 'Reward::Reward'
D:\Otros\Uni\RepoTP\TPV\Práctica_3\ProyectosSDL\ProyectosSDL\HolaSDL\Game.cpp(215,23): error C2039: 'setItList': no es un miembro de 'Reward'
D:\Otros\Uni\RepoTP\TPV\Práctica_3\ProyectosSDL\ProyectosSDL\HolaSDL\Reward.h(9): message : vea la declaración de 'Reward'
D:\Otros\Uni\RepoTP\TPV\Práctica_3\ProyectosSDL\ProyectosSDL\HolaSDL\Game.cpp(215,24): error C2065: 'objects': identificador no declarado
D:\Otros\Uni\RepoTP\TPV\Práctica_3\ProyectosSDL\ProyectosSDL\HolaSDL\Game.cpp(215,39): error C2065: 'objects': identificador no declarado
D:\Otros\Uni\RepoTP\TPV\Práctica_3\ProyectosSDL\ProyectosSDL\HolaSDL\Game.cpp(216,3): error C2065: 'events': identificador no declarado
D:\Otros\Uni\RepoTP\TPV\Práctica_3\ProyectosSDL\ProyectosSDL\HolaSDL\Game.cpp(220,116): error C2664: 'Balloon::Balloon(const Balloon &)': el argumento 8 no puede convertirse de 'SDLApplication *' a 'GameState *'
D:\Otros\Uni\RepoTP\TPV\Práctica_3\ProyectosSDL\ProyectosSDL\HolaSDL\Game.cpp(220,109): message : Los tipos señalados no están relacionados; la conversión requiere reinterpret_cast, conversión de estilo de C o conversión de estilo de función
D:\Otros\Uni\RepoTP\TPV\Práctica_3\ProyectosSDL\ProyectosSDL\HolaSDL\Balloon.h(19,2): message : vea la declaración de 'Balloon::Balloon'
D:\Otros\Uni\RepoTP\TPV\Práctica_3\ProyectosSDL\ProyectosSDL\HolaSDL\Game.cpp(221,25): error C2065: 'objects': identificador no declarado
D:\Otros\Uni\RepoTP\TPV\Práctica_3\ProyectosSDL\ProyectosSDL\HolaSDL\Game.cpp(221,40): error C2065: 'objects': identificador no declarado
D:\Otros\Uni\RepoTP\TPV\Práctica_3\ProyectosSDL\ProyectosSDL\HolaSDL\Game.cpp(225,86): error C2664: 'Arrow::Arrow(const Arrow &)': el argumento 6 no puede convertirse de 'SDLApplication *' a 'GameState *'
D:\Otros\Uni\RepoTP\TPV\Práctica_3\ProyectosSDL\ProyectosSDL\HolaSDL\Game.cpp(225,79): message : Los tipos señalados no están relacionados; la conversión requiere reinterpret_cast, conversión de estilo de C o conversión de estilo de función
D:\Otros\Uni\RepoTP\TPV\Práctica_3\ProyectosSDL\ProyectosSDL\HolaSDL\Arrow.h(9,2): message : vea la declaración de 'Arrow::Arrow'
D:\Otros\Uni\RepoTP\TPV\Práctica_3\ProyectosSDL\ProyectosSDL\HolaSDL\Game.cpp(226,3): error C2065: 'shotArrows': identificador no declarado
D:\Otros\Uni\RepoTP\TPV\Práctica_3\ProyectosSDL\ProyectosSDL\HolaSDL\Game.cpp(227,19): error C2039: 'setItList': no es un miembro de 'Arrow'
D:\Otros\Uni\RepoTP\TPV\Práctica_3\ProyectosSDL\ProyectosSDL\HolaSDL\Arrow.h(5): message : vea la declaración de 'Arrow'
D:\Otros\Uni\RepoTP\TPV\Práctica_3\ProyectosSDL\ProyectosSDL\HolaSDL\Game.cpp(227,20): error C2065: 'objects': identificador no declarado
D:\Otros\Uni\RepoTP\TPV\Práctica_3\ProyectosSDL\ProyectosSDL\HolaSDL\Game.cpp(227,35): error C2065: 'objects': identificador no declarado
D:\Otros\Uni\RepoTP\TPV\Práctica_3\ProyectosSDL\ProyectosSDL\HolaSDL\Game.cpp(253,24): error C2065: 'objects': identificador no declarado
D:\Otros\Uni\RepoTP\TPV\Práctica_3\ProyectosSDL\ProyectosSDL\HolaSDL\Game.cpp(254,2): error C2672: 'begin': no se encontró una función sobrecargada que coincida
D:\Otros\Uni\RepoTP\TPV\Práctica_3\ProyectosSDL\ProyectosSDL\HolaSDL\Game.cpp(253,2): error C2893: No se pudo especializar la plantilla de función "unknown-type std::begin(_Container &)"
C:\Program Files (x86)\Microsoft Visual Studio\2019\Community\VC\Tools\MSVC\14.23.28105\include\xutility(1041): message : vea la declaración de 'std::begin'
D:\Otros\Uni\RepoTP\TPV\Práctica_3\ProyectosSDL\ProyectosSDL\HolaSDL\Game.cpp(253,2): message : Con los siguientes argumentos de plantilla:
D:\Otros\Uni\RepoTP\TPV\Práctica_3\ProyectosSDL\ProyectosSDL\HolaSDL\Game.cpp(253,2): message : '_Container=unknown-type'
D:\Otros\Uni\RepoTP\TPV\Práctica_3\ProyectosSDL\ProyectosSDL\HolaSDL\Game.cpp(253,2): error C2784: 'const _Elem *std::begin(std::initializer_list<_Elem>) noexcept': no se pudo deducir el argumento de plantilla para 'std::initializer_list<_Elem>' desde 'unknown-type'
C:\Program Files (x86)\Microsoft Visual Studio\2019\Community\VC\Tools\MSVC\14.23.28105\include\initializer_list(53): message : vea la declaración de 'std::begin'
D:\Otros\Uni\RepoTP\TPV\Práctica_3\ProyectosSDL\ProyectosSDL\HolaSDL\Game.cpp(254,2): error C2672: 'end': no se encontró una función sobrecargada que coincida
D:\Otros\Uni\RepoTP\TPV\Práctica_3\ProyectosSDL\ProyectosSDL\HolaSDL\Game.cpp(253,2): error C2893: No se pudo especializar la plantilla de función "unknown-type std::end(_Container &)"
C:\Program Files (x86)\Microsoft Visual Studio\2019\Community\VC\Tools\MSVC\14.23.28105\include\xutility(1051): message : vea la declaración de 'std::end'
D:\Otros\Uni\RepoTP\TPV\Práctica_3\ProyectosSDL\ProyectosSDL\HolaSDL\Game.cpp(253,2): message : Con los siguientes argumentos de plantilla:
D:\Otros\Uni\RepoTP\TPV\Práctica_3\ProyectosSDL\ProyectosSDL\HolaSDL\Game.cpp(253,2): message : '_Container=unknown-type'
D:\Otros\Uni\RepoTP\TPV\Práctica_3\ProyectosSDL\ProyectosSDL\HolaSDL\Game.cpp(253,2): error C2784: 'const _Elem *std::end(std::initializer_list<_Elem>) noexcept': no se pudo deducir el argumento de plantilla para 'std::initializer_list<_Elem>' desde 'unknown-type'
C:\Program Files (x86)\Microsoft Visual Studio\2019\Community\VC\Tools\MSVC\14.23.28105\include\initializer_list(59): message : vea la declaración de 'std::end'
D:\Otros\Uni\RepoTP\TPV\Práctica_3\ProyectosSDL\ProyectosSDL\HolaSDL\Game.cpp(253,2): error C3536: '<begin>$L0': no se puede usar antes de inicializarse
D:\Otros\Uni\RepoTP\TPV\Práctica_3\ProyectosSDL\ProyectosSDL\HolaSDL\Game.cpp(253,2): error C3536: '<end>$L0': no se puede usar antes de inicializarse
D:\Otros\Uni\RepoTP\TPV\Práctica_3\ProyectosSDL\ProyectosSDL\HolaSDL\Game.cpp(253,2): error C2100: direccionamiento indirecto no válido
D:\Otros\Uni\RepoTP\TPV\Práctica_3\ProyectosSDL\ProyectosSDL\HolaSDL\Game.cpp(254,2): error C2440: 'inicializando': no se puede realizar la conversión de 'int' a 'GameObject *'
  GameState.cpp
D:\Otros\Uni\RepoTP\TPV\Práctica_3\ProyectosSDL\ProyectosSDL\HolaSDL\Game.cpp(254,2): message : La conversión de un tipo entero a un tipo de puntero requiere reinterpret_cast, conversión de estilo de C o conversión de estilo de función
C:\Program Files (x86)\Windows Kits\10\Include\10.0.18362.0\ucrt\crtdbg.h(303,1): warning C4005: '_malloca': redefinición de macro
C:\Program Files (x86)\Windows Kits\10\Include\10.0.18362.0\ucrt\malloc.h(122): message : vea la definición anterior de '_malloca'
D:\Otros\Uni\RepoTP\TPV\Práctica_3\ProyectosSDL\ProyectosSDL\HolaSDL\Arrow.h(5,39): error C2504: 'ArrowsGameObject': clase base sin definir
D:\Otros\Uni\RepoTP\TPV\Práctica_3\ProyectosSDL\ProyectosSDL\HolaSDL\Reward.h(9,39): error C2504: 'ArrowsGameObject': clase base sin definir
D:\Otros\Uni\RepoTP\TPV\Práctica_3\ProyectosSDL\ProyectosSDL\HolaSDL\Butterfly.h(6,43): error C2504: 'ArrowsGameObject': clase base sin definir
  Main.cpp
D:\Otros\Uni\RepoTP\TPV\Práctica_3\ProyectosSDL\ProyectosSDL\HolaSDL\PlayState.h(31,35): error C2061: error de sintaxis: identificador 'ArrowsGameObject'
C:\Program Files (x86)\Windows Kits\10\Include\10.0.18362.0\ucrt\crtdbg.h(303,1): warning C4005: '_malloca': redefinición de macro
C:\Program Files (x86)\Windows Kits\10\Include\10.0.18362.0\ucrt\malloc.h(122): message : vea la definición anterior de '_malloca'
D:\Otros\Uni\RepoTP\TPV\Práctica_3\ProyectosSDL\ProyectosSDL\HolaSDL\Arrow.h(5,39): error C2504: 'ArrowsGameObject': clase base sin definir
D:\Otros\Uni\RepoTP\TPV\Práctica_3\ProyectosSDL\ProyectosSDL\HolaSDL\Reward.h(9,39): error C2504: 'ArrowsGameObject': clase base sin definir
D:\Otros\Uni\RepoTP\TPV\Práctica_3\ProyectosSDL\ProyectosSDL\HolaSDL\Butterfly.h(6,43): error C2504: 'ArrowsGameObject': clase base sin definir
  MainMenuState.cpp
D:\Otros\Uni\RepoTP\TPV\Práctica_3\ProyectosSDL\ProyectosSDL\HolaSDL\PlayState.h(31,35): error C2061: error de sintaxis: identificador 'ArrowsGameObject'
D:\Otros\Uni\RepoTP\TPV\Práctica_3\ProyectosSDL\ProyectosSDL\HolaSDL\MainMenuState.cpp(6,93): error C2664: 'MenuButton::MenuButton(MenuButton &&)': el argumento 5 no puede convertirse de 'SDLApplication *' a 'GameState *'
D:\Otros\Uni\RepoTP\TPV\Práctica_3\ProyectosSDL\ProyectosSDL\HolaSDL\MainMenuState.cpp(6,88): message : Los tipos señalados no están relacionados; la conversión requiere reinterpret_cast, conversión de estilo de C o conversión de estilo de función
  PauseState.cpp
D:\Otros\Uni\RepoTP\TPV\Práctica_3\ProyectosSDL\ProyectosSDL\HolaSDL\MenuButton.h(12,2): message : vea la declaración de 'MenuButton::MenuButton'
D:\Otros\Uni\RepoTP\TPV\Práctica_3\ProyectosSDL\ProyectosSDL\HolaSDL\PauseState.cpp(6,98): error C2664: 'MenuButton::MenuButton(MenuButton &&)': el argumento 5 no puede convertirse de 'SDLApplication *' a 'GameState *'
D:\Otros\Uni\RepoTP\TPV\Práctica_3\ProyectosSDL\ProyectosSDL\HolaSDL\PauseState.cpp(6,93): message : Los tipos señalados no están relacionados; la conversión requiere reinterpret_cast, conversión de estilo de C o conversión de estilo de función
  PlayState.cpp
D:\Otros\Uni\RepoTP\TPV\Práctica_3\ProyectosSDL\ProyectosSDL\HolaSDL\MenuButton.h(12,2): message : vea la declaración de 'MenuButton::MenuButton'
D:\Otros\Uni\RepoTP\TPV\Práctica_3\ProyectosSDL\ProyectosSDL\HolaSDL\ArrowsGameObject.h(17,11): error C2143: error de sintaxis: falta ';' delante de '*'
D:\Otros\Uni\RepoTP\TPV\Práctica_3\ProyectosSDL\ProyectosSDL\HolaSDL\ArrowsGameObject.h(17,11): error C4430: falta el especificador de tipo; se presupone int. Nota: C++ no admite default-int
D:\Otros\Uni\RepoTP\TPV\Práctica_3\ProyectosSDL\ProyectosSDL\HolaSDL\ArrowsGameObject.h(17,22): error C2238: símbolos (token) inesperados delante de ';'
D:\Otros\Uni\RepoTP\TPV\Práctica_3\ProyectosSDL\ProyectosSDL\HolaSDL\PlayState.cpp(42,21): warning C4018: '<': no coinciden signed/unsigned
D:\Otros\Uni\RepoTP\TPV\Práctica_3\ProyectosSDL\ProyectosSDL\HolaSDL\PlayState.cpp(140,36): error C2664: 'Balloon::Balloon(const Balloon &)': el argumento 8 no puede convertirse de 'SDLApplication *' a 'GameState *'
D:\Otros\Uni\RepoTP\TPV\Práctica_3\ProyectosSDL\ProyectosSDL\HolaSDL\PlayState.cpp(141,113): message : Los tipos señalados no están relacionados; la conversión requiere reinterpret_cast, conversión de estilo de C o conversión de estilo de función
D:\Otros\Uni\RepoTP\TPV\Práctica_3\ProyectosSDL\ProyectosSDL\HolaSDL\Balloon.h(19,2): message : vea la declaración de 'Balloon::Balloon'
D:\Otros\Uni\RepoTP\TPV\Práctica_3\ProyectosSDL\ProyectosSDL\HolaSDL\PlayState.cpp(149,32): error C2664: 'Reward::Reward(const Reward &)': el argumento 10 no puede convertirse de 'SDLApplication *' a 'GameState *'
D:\Otros\Uni\RepoTP\TPV\Práctica_3\ProyectosSDL\ProyectosSDL\HolaSDL\PlayState.cpp(150,130): message : Los tipos señalados no están relacionados; la conversión requiere reinterpret_cast, conversión de estilo de C o conversión de estilo de función
D:\Otros\Uni\RepoTP\TPV\Práctica_3\ProyectosSDL\ProyectosSDL\HolaSDL\Reward.h(24,2): message : vea la declaración de 'Reward::Reward'
D:\Otros\Uni\RepoTP\TPV\Práctica_3\ProyectosSDL\ProyectosSDL\HolaSDL\PlayState.cpp(162,42): error C2664: 'Butterfly::Butterfly(const Butterfly &)': el argumento 7 no puede convertirse de 'SDLApplication *' a 'GameState *'
D:\Otros\Uni\RepoTP\TPV\Práctica_3\ProyectosSDL\ProyectosSDL\HolaSDL\PlayState.cpp(163,142): message : Los tipos señalados no están relacionados; la conversión requiere reinterpret_cast, conversión de estilo de C o conversión de estilo de función
  Reward.cpp
D:\Otros\Uni\RepoTP\TPV\Práctica_3\ProyectosSDL\ProyectosSDL\HolaSDL\Butterfly.h(13,2): message : vea la declaración de 'Butterfly::Butterfly'
C:\Program Files (x86)\Windows Kits\10\Include\10.0.18362.0\ucrt\crtdbg.h(303,1): warning C4005: '_malloca': redefinición de macro
C:\Program Files (x86)\Windows Kits\10\Include\10.0.18362.0\ucrt\malloc.h(122): message : vea la definición anterior de '_malloca'
D:\Otros\Uni\RepoTP\TPV\Práctica_3\ProyectosSDL\ProyectosSDL\HolaSDL\Arrow.h(5,39): error C2504: 'ArrowsGameObject': clase base sin definir
D:\Otros\Uni\RepoTP\TPV\Práctica_3\ProyectosSDL\ProyectosSDL\HolaSDL\Reward.h(9,39): error C2504: 'ArrowsGameObject': clase base sin definir
D:\Otros\Uni\RepoTP\TPV\Práctica_3\ProyectosSDL\ProyectosSDL\HolaSDL\Butterfly.h(6,43): error C2504: 'ArrowsGameObject': clase base sin definir
D:\Otros\Uni\RepoTP\TPV\Práctica_3\ProyectosSDL\ProyectosSDL\HolaSDL\PlayState.h(31,35): error C2061: error de sintaxis: identificador 'ArrowsGameObject'
D:\Otros\Uni\RepoTP\TPV\Práctica_3\ProyectosSDL\ProyectosSDL\HolaSDL\Reward.cpp(5,70): error C2614: 'Reward': inicialización de miembro no válida: 'ArrowsGameObject' no es una base o miembro
D:\Otros\Uni\RepoTP\TPV\Práctica_3\ProyectosSDL\ProyectosSDL\HolaSDL\Reward.cpp(17,40): error C2352: 'SDLGameObject::getDestRect': llamada no válida de función miembro no estática
D:\Otros\Uni\RepoTP\TPV\Práctica_3\ProyectosSDL\ProyectosSDL\HolaSDL\SDLGameObject.h(21): message : vea la declaración de 'SDLGameObject::getDestRect'
D:\Otros\Uni\RepoTP\TPV\Práctica_3\ProyectosSDL\ProyectosSDL\HolaSDL\Reward.cpp(19,2): error C2065: 'texture': identificador no declarado
D:\Otros\Uni\RepoTP\TPV\Práctica_3\ProyectosSDL\ProyectosSDL\HolaSDL\Reward.cpp(21,43): error C2065: 'pos': identificador no declarado
D:\Otros\Uni\RepoTP\TPV\Práctica_3\ProyectosSDL\ProyectosSDL\HolaSDL\Reward.cpp(21,80): error C2065: 'pos': identificador no declarado
D:\Otros\Uni\RepoTP\TPV\Práctica_3\ProyectosSDL\ProyectosSDL\HolaSDL\Reward.cpp(26,2): error C2065: 'pos': identificador no declarado
D:\Otros\Uni\RepoTP\TPV\Práctica_3\ProyectosSDL\ProyectosSDL\HolaSDL\Reward.cpp(26,10): error C2065: 'pos': identificador no declarado
D:\Otros\Uni\RepoTP\TPV\Práctica_3\ProyectosSDL\ProyectosSDL\HolaSDL\Reward.cpp(26,22): error C2065: 'pos': identificador no declarado
D:\Otros\Uni\RepoTP\TPV\Práctica_3\ProyectosSDL\ProyectosSDL\HolaSDL\Reward.cpp(26,35): error C2065: 'vel': identificador no declarado
D:\Otros\Uni\RepoTP\TPV\Práctica_3\ProyectosSDL\ProyectosSDL\HolaSDL\Reward.cpp(28,6): error C2065: 'playState': identificador no declarado
D:\Otros\Uni\RepoTP\TPV\Práctica_3\ProyectosSDL\ProyectosSDL\HolaSDL\Reward.cpp(28,59): error C2065: 'playState': identificador no declarado
D:\Otros\Uni\RepoTP\TPV\Práctica_3\ProyectosSDL\ProyectosSDL\HolaSDL\Reward.cpp(33,5): error C2065: 'pos': identificador no declarado
D:\Otros\Uni\RepoTP\TPV\Práctica_3\ProyectosSDL\ProyectosSDL\HolaSDL\Reward.cpp(33,31): error C2065: 'height': identificador no declarado
D:\Otros\Uni\RepoTP\TPV\Práctica_3\ProyectosSDL\ProyectosSDL\HolaSDL\Reward.cpp(35,3): error C2065: 'playState': identificador no declarado
D:\Otros\Uni\RepoTP\TPV\Práctica_3\ProyectosSDL\ProyectosSDL\HolaSDL\Reward.cpp(35,25): error C2065: 'it': identificador no declarado
D:\Otros\Uni\RepoTP\TPV\Práctica_3\ProyectosSDL\ProyectosSDL\HolaSDL\Reward.cpp(44,28): error C3861: 'getDestRect': no se encontró el identificador
D:\Otros\Uni\RepoTP\TPV\Práctica_3\ProyectosSDL\ProyectosSDL\HolaSDL\Reward.cpp(49,5): error C2065: 'playState': identificador no declarado
D:\Otros\Uni\RepoTP\TPV\Práctica_3\ProyectosSDL\ProyectosSDL\HolaSDL\Reward.cpp(52,5): error C2065: 'playState': identificador no declarado
D:\Otros\Uni\RepoTP\TPV\Práctica_3\ProyectosSDL\ProyectosSDL\HolaSDL\Reward.cpp(58,4): error C2065: 'playState': identificador no declarado
D:\Otros\Uni\RepoTP\TPV\Práctica_3\ProyectosSDL\ProyectosSDL\HolaSDL\Reward.cpp(58,26): error C2065: 'it': identificador no declarado
D:\Otros\Uni\RepoTP\TPV\Práctica_3\ProyectosSDL\ProyectosSDL\HolaSDL\Reward.cpp(65,20): error C2352: 'ArrowsGameObject::loadFromFile': llamada no válida de función miembro no estática
D:\Otros\Uni\RepoTP\TPV\Práctica_3\ProyectosSDL\ProyectosSDL\HolaSDL\ArrowsGameObject.h(28): message : vea la declaración de 'ArrowsGameObject::loadFromFile'
D:\Otros\Uni\RepoTP\TPV\Práctica_3\ProyectosSDL\ProyectosSDL\HolaSDL\Reward.cpp(71,20): error C2352: 'ArrowsGameObject::saveToFile': llamada no válida de función miembro no estática
  ScoreBoard.cpp
D:\Otros\Uni\RepoTP\TPV\Práctica_3\ProyectosSDL\ProyectosSDL\HolaSDL\ArrowsGameObject.h(29): message : vea la declaración de 'ArrowsGameObject::saveToFile'
D:\Otros\Uni\RepoTP\TPV\Práctica_3\ProyectosSDL\ProyectosSDL\HolaSDL\ArrowsGameObject.h(17,11): error C2143: error de sintaxis: falta ';' delante de '*'
D:\Otros\Uni\RepoTP\TPV\Práctica_3\ProyectosSDL\ProyectosSDL\HolaSDL\ArrowsGameObject.h(17,11): error C4430: falta el especificador de tipo; se presupone int. Nota: C++ no admite default-int
D:\Otros\Uni\RepoTP\TPV\Práctica_3\ProyectosSDL\ProyectosSDL\HolaSDL\ArrowsGameObject.h(17,22): error C2238: símbolos (token) inesperados delante de ';'
D:\Otros\Uni\RepoTP\TPV\Práctica_3\ProyectosSDL\ProyectosSDL\HolaSDL\ScoreBoard.cpp(51,23): warning C4244: '=': conversión de 'double' a 'int'; posible pérdida de datos
  Generando código...
D:\Otros\Uni\RepoTP\TPV\Práctica_3\ProyectosSDL\ProyectosSDL\HolaSDL\ScoreBoard.cpp(52,23): warning C4244: '=': conversión de 'double' a 'int'; posible pérdida de datos
