d:\otros\uni\tp\repotp\tpv\practica_2_tpv_ii\sdlproject\tpv2\x64\debug\vc142.pdb
d:\otros\uni\tp\repotp\tpv\practica_2_tpv_ii\sdlproject\tpv2\x64\debug\vc142.idb
d:\otros\uni\tp\repotp\tpv\practica_2_tpv_ii\sdlproject\tpv2\x64\debug\fontsmanager.obj
d:\otros\uni\tp\repotp\tpv\practica_2_tpv_ii\sdlproject\tpv2\x64\debug\font.obj
d:\otros\uni\tp\repotp\tpv\practica_2_tpv_ii\sdlproject\tpv2\x64\debug\entity.obj
d:\otros\uni\tp\repotp\tpv\practica_2_tpv_ii\sdlproject\tpv2\x64\debug\deffactory.obj
d:\otros\uni\tp\repotp\tpv\practica_2_tpv_ii\sdlproject\tpv2\x64\debug\collisions.obj
d:\otros\uni\tp\repotp\tpv\practica_2_tpv_ii\sdlproject\tpv2\x64\debug\bulletspool.obj
d:\otros\uni\tp\repotp\tpv\practica_2_tpv_ii\sdlproject\tpv2\x64\debug\audiomanager.obj
d:\otros\uni\tp\repotp\tpv\practica_2_tpv_ii\sdlproject\tpv2\x64\debug\asteroidpool.obj
d:\otros\uni\tp\repotp\tpv\practica_2_tpv_ii\sdlproject\tpv2\x64\debug\sdlgame.obj
d:\otros\uni\tp\repotp\tpv\practica_2_tpv_ii\sdlproject\tpv2\x64\debug\sdlfontsmanager.obj
d:\otros\uni\tp\repotp\tpv\practica_2_tpv_ii\sdlproject\tpv2\x64\debug\sdlaudiomanager.obj
d:\otros\uni\tp\repotp\tpv\practica_2_tpv_ii\sdlproject\tpv2\x64\debug\resources.obj
d:\otros\uni\tp\repotp\tpv\practica_2_tpv_ii\sdlproject\tpv2\x64\debug\randomnumbergenerator.obj
d:\otros\uni\tp\repotp\tpv\practica_2_tpv_ii\sdlproject\tpv2\x64\debug\offacotry.obj
d:\otros\uni\tp\repotp\tpv\practica_2_tpv_ii\sdlproject\tpv2\x64\debug\objectpool.obj
d:\otros\uni\tp\repotp\tpv\practica_2_tpv_ii\sdlproject\tpv2\x64\debug\objectfactory.obj
d:\otros\uni\tp\repotp\tpv\practica_2_tpv_ii\sdlproject\tpv2\x64\debug\manager.obj
d:\otros\uni\tp\repotp\tpv\practica_2_tpv_ii\sdlproject\tpv2\x64\debug\jute.obj
d:\otros\uni\tp\repotp\tpv\practica_2_tpv_ii\sdlproject\tpv2\x64\debug\inputhandler.obj
d:\otros\uni\tp\repotp\tpv\practica_2_tpv_ii\sdlproject\tpv2\x64\debug\vector2d.obj
d:\otros\uni\tp\repotp\tpv\practica_2_tpv_ii\sdlproject\tpv2\x64\debug\transform.obj
d:\otros\uni\tp\repotp\tpv\practica_2_tpv_ii\sdlproject\tpv2\x64\debug\texturesmanager.obj
d:\otros\uni\tp\repotp\tpv\practica_2_tpv_ii\sdlproject\tpv2\x64\debug\texture.obj
d:\otros\uni\tp\repotp\tpv\practica_2_tpv_ii\sdlproject\tpv2\x64\debug\system.obj
d:\otros\uni\tp\repotp\tpv\practica_2_tpv_ii\sdlproject\tpv2\x64\debug\srandbasedgenerator.obj
d:\otros\uni\tp\repotp\tpv\practica_2_tpv_ii\sdlproject\tpv2\x64\debug\singleton.obj
d:\otros\uni\tp\repotp\tpv\practica_2_tpv_ii\sdlproject\tpv2\x64\debug\sdl_macros.obj
d:\otros\uni\tp\repotp\tpv\practica_2_tpv_ii\sdlproject\tpv2\x64\debug\sdltexturesmanager.obj
d:\otros\uni\tp\repotp\tpv\practica_2_tpv_ii\sdlproject\tpv2\x64\debug\tpv2.tlog\cl.command.1.tlog
d:\otros\uni\tp\repotp\tpv\practica_2_tpv_ii\sdlproject\tpv2\x64\debug\tpv2.tlog\cl.read.1.tlog
d:\otros\uni\tp\repotp\tpv\practica_2_tpv_ii\sdlproject\tpv2\x64\debug\tpv2.tlog\cl.write.1.tlog
