  AsteroidPool.cpp
  Asteroids.cpp
D:\Otros\Uni\TP\RepoTP\TPV\Practica_2_TPV_II\SDLProject\TPV2\Health.h(9,14): warning C4099: 'Health': nombre de tipo visto anteriormente usando 'struct' ahora se ve usando 'class'
D:\Otros\Uni\TP\RepoTP\TPV\Practica_2_TPV_II\SDLProject\TPV2\Health.h(9): message : vea la declaración de 'Health'
D:\Otros\Uni\TP\RepoTP\TPV\Practica_2_TPV_II\SDLProject\TPV2\mpl.h(26,35): error C2027: uso del tipo 'mpl::IndexOf<T,mpl::TypeList<>>' sin definir
          with
          [
              T=CollisionSystem
          ]
D:\Otros\Uni\TP\RepoTP\TPV\Practica_2_TPV_II\SDLProject\TPV2\mpl.h(26): message : vea la declaración de 'mpl::IndexOf<T,mpl::TypeList<>>'
          with
          [
              T=CollisionSystem
          ]
D:\Otros\Uni\TP\RepoTP\TPV\Practica_2_TPV_II\SDLProject\TPV2\mpl.h(26): message : Vea la referencia a la creación de una instancia de clase plantilla "mpl::IndexOf<T,mpl::TypeList<RenderSystem>>" que se está compilando
          with
          [
              T=CollisionSystem
          ]
D:\Otros\Uni\TP\RepoTP\TPV\Practica_2_TPV_II\SDLProject\TPV2\mpl.h(26): message : Vea la referencia a la creación de una instancia de clase plantilla "mpl::IndexOf<T,mpl::TypeList<CollisionsSystem,RenderSystem>>" que se está compilando
          with
          [
              T=CollisionSystem
          ]
D:\Otros\Uni\TP\RepoTP\TPV\Practica_2_TPV_II\SDLProject\TPV2\mpl.h(26): message : Vea la referencia a la creación de una instancia de clase plantilla "mpl::IndexOf<T,mpl::TypeList<FighterGunSystem,CollisionsSystem,RenderSystem>>" que se está compilando
          with
          [
              T=CollisionSystem
          ]
D:\Otros\Uni\TP\RepoTP\TPV\Practica_2_TPV_II\SDLProject\TPV2\mpl.h(26): message : Vea la referencia a la creación de una instancia de clase plantilla "mpl::IndexOf<T,mpl::TypeList<FighterSystem,FighterGunSystem,CollisionsSystem,RenderSystem>>" que se está compilando
          with
          [
              T=CollisionSystem
          ]
D:\Otros\Uni\TP\RepoTP\TPV\Practica_2_TPV_II\SDLProject\TPV2\mpl.h(26): message : Vea la referencia a la creación de una instancia de clase plantilla "mpl::IndexOf<T,mpl::TypeList<BulletsSystem,FighterSystem,FighterGunSystem,CollisionsSystem,RenderSystem>>" que se está compilando
          with
          [
              T=CollisionSystem
          ]
D:\Otros\Uni\TP\RepoTP\TPV\Practica_2_TPV_II\SDLProject\TPV2\mpl.h(26): message : Vea la referencia a la creación de una instancia de clase plantilla "mpl::IndexOf<T,mpl::TypeList<AsteroidsSystem,BulletsSystem,FighterSystem,FighterGunSystem,CollisionsSystem,RenderSystem>>" que se está compilando
          with
          [
              T=CollisionSystem
          ]
D:\Otros\Uni\TP\RepoTP\TPV\Practica_2_TPV_II\SDLProject\TPV2\Manager.h(61): message : Vea la referencia a la creación de una instancia de clase plantilla "mpl::IndexOf<T,SystemsList>" que se está compilando
          with
          [
              T=CollisionSystem
          ]
D:\Otros\Uni\TP\RepoTP\TPV\Practica_2_TPV_II\SDLProject\TPV2\Asteroids.cpp(34): message : Vea la referencia a la creación de una instancia de la función plantilla "T *Manager::addSystem<CollisionSystem,>(void)" que se está compilando
          with
          [
              T=CollisionSystem
          ]
D:\Otros\Uni\TP\RepoTP\TPV\Practica_2_TPV_II\SDLProject\TPV2\mpl.h(26,7): error C2064: el término no se evalúa como una función con 1 argumentos
  BulletsPool.cpp
  Transform.cpp
  Generando código...
