d:\otros\uni\tp\repotp\tpv\tpvii\practica_3_tpv_ii\tpv2\debug\vc142.pdb
d:\otros\uni\tp\repotp\tpv\tpvii\practica_3_tpv_ii\tpv2\debug\vc142.idb
d:\otros\uni\tp\repotp\tpv\tpvii\practica_3_tpv_ii\tpv2\debug\offacotry.obj
d:\otros\uni\tp\repotp\tpv\tpvii\practica_3_tpv_ii\tpv2\debug\objectpool.obj
d:\otros\uni\tp\repotp\tpv\tpvii\practica_3_tpv_ii\tpv2\debug\objectfactory.obj
d:\otros\uni\tp\repotp\tpv\tpvii\practica_3_tpv_ii\tpv2\debug\networkingsystem.obj
d:\otros\uni\tp\repotp\tpv\tpvii\practica_3_tpv_ii\tpv2\debug\networking.obj
d:\otros\uni\tp\repotp\tpv\tpvii\practica_3_tpv_ii\tpv2\debug\manager.obj
d:\otros\uni\tp\repotp\tpv\tpvii\practica_3_tpv_ii\tpv2\debug\main.obj
d:\otros\uni\tp\repotp\tpv\tpvii\practica_3_tpv_ii\tpv2\debug\jute.obj
d:\otros\uni\tp\repotp\tpv\tpvii\practica_3_tpv_ii\tpv2\debug\inputhandler.obj
d:\otros\uni\tp\repotp\tpv\tpvii\practica_3_tpv_ii\tpv2\debug\gamectrlsystem.obj
d:\otros\uni\tp\repotp\tpv\tpvii\practica_3_tpv_ii\tpv2\debug\fontsmanager.obj
d:\otros\uni\tp\repotp\tpv\tpvii\practica_3_tpv_ii\tpv2\debug\font.obj
d:\otros\uni\tp\repotp\tpv\tpvii\practica_3_tpv_ii\tpv2\debug\fighterssystem.obj
d:\otros\uni\tp\repotp\tpv\tpvii\practica_3_tpv_ii\tpv2\debug\entity.obj
d:\otros\uni\tp\repotp\tpv\tpvii\practica_3_tpv_ii\tpv2\debug\deffactory.obj
d:\otros\uni\tp\repotp\tpv\tpvii\practica_3_tpv_ii\tpv2\debug\collisionsystem.obj
d:\otros\uni\tp\repotp\tpv\tpvii\practica_3_tpv_ii\tpv2\debug\collisions.obj
d:\otros\uni\tp\repotp\tpv\tpvii\practica_3_tpv_ii\tpv2\debug\bulletssystem.obj
d:\otros\uni\tp\repotp\tpv\tpvii\practica_3_tpv_ii\tpv2\debug\bulletspool.obj
d:\otros\uni\tp\repotp\tpv\tpvii\practica_3_tpv_ii\tpv2\debug\audiomanager.obj
d:\otros\uni\tp\repotp\tpv\tpvii\practica_3_tpv_ii\tpv2\debug\vector2d.obj
d:\otros\uni\tp\repotp\tpv\tpvii\practica_3_tpv_ii\tpv2\debug\transform.obj
d:\otros\uni\tp\repotp\tpv\tpvii\practica_3_tpv_ii\tpv2\debug\texturesmanager.obj
d:\otros\uni\tp\repotp\tpv\tpvii\practica_3_tpv_ii\tpv2\debug\texture.obj
d:\otros\uni\tp\repotp\tpv\tpvii\practica_3_tpv_ii\tpv2\debug\system.obj
d:\otros\uni\tp\repotp\tpv\tpvii\practica_3_tpv_ii\tpv2\debug\starwars.obj
d:\otros\uni\tp\repotp\tpv\tpvii\practica_3_tpv_ii\tpv2\debug\srandbasedgenerator.obj
d:\otros\uni\tp\repotp\tpv\tpvii\practica_3_tpv_ii\tpv2\debug\singleton.obj
d:\otros\uni\tp\repotp\tpv\tpvii\practica_3_tpv_ii\tpv2\debug\sdl_macros.obj
d:\otros\uni\tp\repotp\tpv\tpvii\practica_3_tpv_ii\tpv2\debug\sdltexturesmanager.obj
d:\otros\uni\tp\repotp\tpv\tpvii\practica_3_tpv_ii\tpv2\debug\sdlgame.obj
d:\otros\uni\tp\repotp\tpv\tpvii\practica_3_tpv_ii\tpv2\debug\sdlfontsmanager.obj
d:\otros\uni\tp\repotp\tpv\tpvii\practica_3_tpv_ii\tpv2\debug\sdlaudiomanager.obj
d:\otros\uni\tp\repotp\tpv\tpvii\practica_3_tpv_ii\tpv2\debug\resources.obj
d:\otros\uni\tp\repotp\tpv\tpvii\practica_3_tpv_ii\tpv2\debug\rendersystem.obj
d:\otros\uni\tp\repotp\tpv\tpvii\practica_3_tpv_ii\tpv2\debug\randomnumbergenerator.obj
d:\otros\uni\tp\repotp\tpv\tpvii\practica_3_tpv_ii\bin\practica_3_tpv_iidebug.exe
d:\otros\uni\tp\repotp\tpv\tpvii\practica_3_tpv_ii\bin\practica_3_tpv_iidebug.ilk
d:\otros\uni\tp\repotp\tpv\tpvii\practica_3_tpv_ii\bin\practica_3_tpv_iidebug.pdb
d:\otros\uni\tp\repotp\tpv\tpvii\practica_3_tpv_ii\bin\practica_3_tpv_iidebug.lib
d:\otros\uni\tp\repotp\tpv\tpvii\practica_3_tpv_ii\bin\practica_3_tpv_iidebug.exp
d:\otros\uni\tp\repotp\tpv\tpvii\practica_3_tpv_ii\tpv2\debug\practica.ab972a8f.tlog\cl.command.1.tlog
d:\otros\uni\tp\repotp\tpv\tpvii\practica_3_tpv_ii\tpv2\debug\practica.ab972a8f.tlog\cl.read.1.tlog
d:\otros\uni\tp\repotp\tpv\tpvii\practica_3_tpv_ii\tpv2\debug\practica.ab972a8f.tlog\cl.write.1.tlog
d:\otros\uni\tp\repotp\tpv\tpvii\practica_3_tpv_ii\tpv2\debug\practica.ab972a8f.tlog\link.command.1.tlog
d:\otros\uni\tp\repotp\tpv\tpvii\practica_3_tpv_ii\tpv2\debug\practica.ab972a8f.tlog\link.read.1.tlog
d:\otros\uni\tp\repotp\tpv\tpvii\practica_3_tpv_ii\tpv2\debug\practica.ab972a8f.tlog\link.write.1.tlog
d:\otros\uni\tp\repotp\tpv\tpvii\practica_3_tpv_ii\tpv2\debug\practica.ab972a8f.tlog\practica_3_tpv_ii.write.1u.tlog
