  GameCtrlSystem.cpp
D:\Otros\Uni\TP\RepoTP\TPV\TPVII\Practica_3_TPV_II\Practica_3_TPV_II\ObjectFactory.h(38,3): warning C4018: '<': no coinciden signed/unsigned
D:\Otros\Uni\TP\RepoTP\TPV\TPVII\Practica_3_TPV_II\Practica_3_TPV_II\ObjectFactory.h(36): message : al compilar la función del miembro clase plantilla "void ObjectFactory<T,std::allocator<T>>::destroy(T *)"
          with
          [
              T=msg::Message
          ]
D:\Otros\Uni\TP\RepoTP\TPV\TPVII\Practica_3_TPV_II\Practica_3_TPV_II\OFFacotry.h(27): message : Vea la referencia a la creación de una instancia de la función plantilla "void ObjectFactory<T,std::allocator<T>>::destroy(T *)" que se está compilando
          with
          [
              T=msg::Message
          ]
D:\Otros\Uni\TP\RepoTP\TPV\TPVII\Practica_3_TPV_II\Practica_3_TPV_II\OFFacotry.h(38): message : Vea la referencia a la creación de una instancia de clase plantilla "ObjectFactory<T,std::allocator<T>>" que se está compilando
          with
          [
              T=msg::Message
          ]
D:\Otros\Uni\TP\RepoTP\TPV\TPVII\Practica_3_TPV_II\Practica_3_TPV_II\Manager.h(96): message : Vea la referencia a la creación de una instancia de clase plantilla "OFFacotry<T>" que se está compilando
          with
          [
              T=msg::Message
          ]
D:\Otros\Uni\TP\RepoTP\TPV\TPVII\Practica_3_TPV_II\Practica_3_TPV_II\GameCtrlSystem.cpp(29): message : Vea la referencia a la creación de una instancia de la función plantilla "void Manager::send<msg::Message,OFFacotry<T>,msg::MsgId>(msg::MsgId &&)" que se está compilando
          with
          [
              T=msg::Message
          ]
D:\Otros\Uni\TP\RepoTP\TPV\TPVII\Practica_3_TPV_II\Practica_3_TPV_II\ObjectFactory.h(25,1): warning C4018: '<': no coinciden signed/unsigned
D:\Otros\Uni\TP\RepoTP\TPV\TPVII\Practica_3_TPV_II\Practica_3_TPV_II\OFFacotry.h(22): message : Vea la referencia a la creación de una instancia de la función plantilla "T *ObjectFactory<T,std::allocator<T>>::construct<_Ty>(_Ty &&)" que se está compilando
          with
          [
              T=msg::Message,
              _Ty=msg::MsgId
          ]
D:\Otros\Uni\TP\RepoTP\TPV\TPVII\Practica_3_TPV_II\Practica_3_TPV_II\OFFacotry.h(23): message : Vea la referencia a la creación de una instancia de la función plantilla "T *ObjectFactory<T,std::allocator<T>>::construct<_Ty>(_Ty &&)" que se está compilando
          with
          [
              T=msg::Message,
              _Ty=msg::MsgId
          ]
D:\Otros\Uni\TP\RepoTP\TPV\TPVII\Practica_3_TPV_II\Practica_3_TPV_II\OFFacotry.h(13): message : Vea la referencia a la creación de una instancia de la función plantilla "T *OFFacotry<T>::construct_<_Ty>(_Ty &&)" que se está compilando
          with
          [
              T=msg::Message,
              _Ty=msg::MsgId
          ]
D:\Otros\Uni\TP\RepoTP\TPV\TPVII\Practica_3_TPV_II\Practica_3_TPV_II\OFFacotry.h(14): message : Vea la referencia a la creación de una instancia de la función plantilla "T *OFFacotry<T>::construct_<_Ty>(_Ty &&)" que se está compilando
          with
          [
              T=msg::Message,
              _Ty=msg::MsgId
          ]
D:\Otros\Uni\TP\RepoTP\TPV\TPVII\Practica_3_TPV_II\Practica_3_TPV_II\Manager.h(96): message : Vea la referencia a la creación de una instancia de la función plantilla "T *OFFacotry<T>::construct<_Ty>(_Ty &&)" que se está compilando
          with
          [
              T=msg::Message,
              _Ty=msg::MsgId
          ]
D:\Otros\Uni\TP\RepoTP\TPV\TPVII\Practica_3_TPV_II\Practica_3_TPV_II\Manager.h(97): message : Vea la referencia a la creación de una instancia de la función plantilla "T *OFFacotry<T>::construct<_Ty>(_Ty &&)" que se está compilando
          with
          [
              T=msg::Message,
              _Ty=msg::MsgId
          ]
  TPV2.vcxproj -> D:\Otros\Uni\TP\RepoTP\TPV\TPVII\Practica_3_TPV_II\bin\Practica_3_TPV_IIDebug.exe
