d:\otros\uni\tp\repotp\tpv\tpvii\p4_evalucas_tomaslopez\tpv2\debug\vc142.pdb
d:\otros\uni\tp\repotp\tpv\tpvii\p4_evalucas_tomaslopez\tpv2\debug\vc142.idb
d:\otros\uni\tp\repotp\tpv\tpvii\p4_evalucas_tomaslopez\tpv2\debug\pacman.obj
d:\otros\uni\tp\repotp\tpv\tpvii\p4_evalucas_tomaslopez\tpv2\debug\offacotry.obj
d:\otros\uni\tp\repotp\tpv\tpvii\p4_evalucas_tomaslopez\tpv2\debug\objectpool.obj
d:\otros\uni\tp\repotp\tpv\tpvii\p4_evalucas_tomaslopez\tpv2\debug\objectfactory.obj
d:\otros\uni\tp\repotp\tpv\tpvii\p4_evalucas_tomaslopez\tpv2\debug\manager.obj
d:\otros\uni\tp\repotp\tpv\tpvii\p4_evalucas_tomaslopez\tpv2\debug\main.obj
d:\otros\uni\tp\repotp\tpv\tpvii\p4_evalucas_tomaslopez\tpv2\debug\jute.obj
d:\otros\uni\tp\repotp\tpv\tpvii\p4_evalucas_tomaslopez\tpv2\debug\inputhandler.obj
d:\otros\uni\tp\repotp\tpv\tpvii\p4_evalucas_tomaslopez\tpv2\debug\ghostssystem.obj
d:\otros\uni\tp\repotp\tpv\tpvii\p4_evalucas_tomaslopez\tpv2\debug\ghostspool.obj
d:\otros\uni\tp\repotp\tpv\tpvii\p4_evalucas_tomaslopez\tpv2\debug\gamectrlsystem.obj
d:\otros\uni\tp\repotp\tpv\tpvii\p4_evalucas_tomaslopez\tpv2\debug\foodsystem.obj
d:\otros\uni\tp\repotp\tpv\tpvii\p4_evalucas_tomaslopez\tpv2\debug\foodpool.obj
d:\otros\uni\tp\repotp\tpv\tpvii\p4_evalucas_tomaslopez\tpv2\debug\fontsmanager.obj
d:\otros\uni\tp\repotp\tpv\tpvii\p4_evalucas_tomaslopez\tpv2\debug\font.obj
d:\otros\uni\tp\repotp\tpv\tpvii\p4_evalucas_tomaslopez\tpv2\debug\entity.obj
d:\otros\uni\tp\repotp\tpv\tpvii\p4_evalucas_tomaslopez\tpv2\debug\deffactory.obj
d:\otros\uni\tp\repotp\tpv\tpvii\p4_evalucas_tomaslopez\tpv2\debug\collisionsystem.obj
d:\otros\uni\tp\repotp\tpv\tpvii\p4_evalucas_tomaslopez\tpv2\debug\collisions.obj
d:\otros\uni\tp\repotp\tpv\tpvii\p4_evalucas_tomaslopez\tpv2\debug\audiomanager.obj
d:\otros\uni\tp\repotp\tpv\tpvii\p4_evalucas_tomaslopez\tpv2\debug\vector2d.obj
d:\otros\uni\tp\repotp\tpv\tpvii\p4_evalucas_tomaslopez\tpv2\debug\transform.obj
d:\otros\uni\tp\repotp\tpv\tpvii\p4_evalucas_tomaslopez\tpv2\debug\texturesmanager.obj
d:\otros\uni\tp\repotp\tpv\tpvii\p4_evalucas_tomaslopez\tpv2\debug\texture.obj
d:\otros\uni\tp\repotp\tpv\tpvii\p4_evalucas_tomaslopez\tpv2\debug\system.obj
d:\otros\uni\tp\repotp\tpv\tpvii\p4_evalucas_tomaslopez\tpv2\debug\srandbasedgenerator.obj
d:\otros\uni\tp\repotp\tpv\tpvii\p4_evalucas_tomaslopez\tpv2\debug\audiosystem.obj
d:\otros\uni\tp\repotp\tpv\tpvii\p4_evalucas_tomaslopez\tpv2\debug\singleton.obj
d:\otros\uni\tp\repotp\tpv\tpvii\p4_evalucas_tomaslopez\tpv2\debug\sdl_macros.obj
d:\otros\uni\tp\repotp\tpv\tpvii\p4_evalucas_tomaslopez\tpv2\debug\sdltexturesmanager.obj
d:\otros\uni\tp\repotp\tpv\tpvii\p4_evalucas_tomaslopez\tpv2\debug\sdlgame.obj
d:\otros\uni\tp\repotp\tpv\tpvii\p4_evalucas_tomaslopez\tpv2\debug\sdlfontsmanager.obj
d:\otros\uni\tp\repotp\tpv\tpvii\p4_evalucas_tomaslopez\tpv2\debug\sdlaudiomanager.obj
d:\otros\uni\tp\repotp\tpv\tpvii\p4_evalucas_tomaslopez\tpv2\debug\resources.obj
d:\otros\uni\tp\repotp\tpv\tpvii\p4_evalucas_tomaslopez\tpv2\debug\rendersystem.obj
d:\otros\uni\tp\repotp\tpv\tpvii\p4_evalucas_tomaslopez\tpv2\debug\randomnumbergenerator.obj
d:\otros\uni\tp\repotp\tpv\tpvii\p4_evalucas_tomaslopez\tpv2\debug\pacmansystem.obj
d:\otros\uni\tp\repotp\tpv\tpvii\p4_evalucas_tomaslopez\bin\p4debug.exe
d:\otros\uni\tp\repotp\tpv\tpvii\p4_evalucas_tomaslopez\bin\p4debug.ilk
d:\otros\uni\tp\repotp\tpv\tpvii\p4_evalucas_tomaslopez\bin\p4debug.pdb
d:\otros\uni\tp\repotp\tpv\tpvii\p4_evalucas_tomaslopez\bin\p4debug.lib
d:\otros\uni\tp\repotp\tpv\tpvii\p4_evalucas_tomaslopez\bin\p4debug.exp
d:\otros\uni\tp\repotp\tpv\tpvii\p4_evalucas_tomaslopez\tpv2\debug\p4.tlog\cl.command.1.tlog
d:\otros\uni\tp\repotp\tpv\tpvii\p4_evalucas_tomaslopez\tpv2\debug\p4.tlog\cl.read.1.tlog
d:\otros\uni\tp\repotp\tpv\tpvii\p4_evalucas_tomaslopez\tpv2\debug\p4.tlog\cl.write.1.tlog
d:\otros\uni\tp\repotp\tpv\tpvii\p4_evalucas_tomaslopez\tpv2\debug\p4.tlog\link.command.1.tlog
d:\otros\uni\tp\repotp\tpv\tpvii\p4_evalucas_tomaslopez\tpv2\debug\p4.tlog\link.delete.1.tlog
d:\otros\uni\tp\repotp\tpv\tpvii\p4_evalucas_tomaslopez\tpv2\debug\p4.tlog\link.read.1.tlog
d:\otros\uni\tp\repotp\tpv\tpvii\p4_evalucas_tomaslopez\tpv2\debug\p4.tlog\link.write.1.tlog
d:\otros\uni\tp\repotp\tpv\tpvii\p4_evalucas_tomaslopez\tpv2\debug\p4.tlog\p4.write.1u.tlog
